sample.interval=20000
"ls" "FUN" "lapply" ".rs.objectsOnSearchPath" ".rs.getCompletionsSearchPath" "Reduce" "<Anonymous>" 
"ls" "FUN" "lapply" ".rs.objectsOnSearchPath" ".rs.getCompletionsSearchPath" "Reduce" "<Anonymous>" 
"file" "summaryRprof" 
"file" "summaryRprof" 
"file" "summaryRprof" 
"file" "summaryRprof" 
"file" "summaryRprof" 
"file" "summaryRprof" 
"file" "summaryRprof" 
"file" "summaryRprof" 
"ls" "FUN" "lapply" ".rs.objectsOnSearchPath" ".rs.getCompletionsSearchPath" "Reduce" "<Anonymous>" 
"ls" "FUN" "lapply" ".rs.objectsOnSearchPath" ".rs.getCompletionsSearchPath" "Reduce" "<Anonymous>" 
"normalizePath" "get_start_path" "find_root" "find_root_file" "rprojroot_find_package_root_file" "doTryCatch" "tryCatchOne" "tryCatchList" "tryCatch" "pkg_path" "dev_topic_path" "dev_topic_find" "?" 
"normalizePath" "get_start_path" "find_root" "find_root_file" "rprojroot_find_package_root_file" "doTryCatch" "tryCatchOne" "tryCatchList" "tryCatch" "pkg_path" "dev_topic_path" "dev_topic_find" "?" 
"normalizePath" "get_start_path" "find_root" "find_root_file" "rprojroot_find_package_root_file" "doTryCatch" "tryCatchOne" "tryCatchList" "tryCatch" "pkg_path" "dev_topic_path" "dev_topic_find" "?" 
"normalizePath" "get_start_path" "find_root" "find_root_file" "rprojroot_find_package_root_file" "doTryCatch" "tryCatchOne" "tryCatchList" "tryCatch" "pkg_path" "dev_topic_path" "dev_topic_find" "?" 
"normalizePath" "get_start_path" "find_root" "find_root_file" "rprojroot_find_package_root_file" "doTryCatch" "tryCatchOne" "tryCatchList" "tryCatch" "pkg_path" "dev_topic_path" "dev_topic_find" "?" 
"normalizePath" "get_start_path" "find_root" "find_root_file" "rprojroot_find_package_root_file" "doTryCatch" "tryCatchOne" "tryCatchList" "tryCatch" "pkg_path" "dev_topic_path" "dev_topic_find" "?" 
"normalizePath" "get_start_path" "find_root" "find_root_file" "rprojroot_find_package_root_file" "doTryCatch" "tryCatchOne" "tryCatchList" "tryCatch" "pkg_path" "dev_topic_path" "dev_topic_find" "?" 
"normalizePath" "get_start_path" "find_root" "find_root_file" "rprojroot_find_package_root_file" "doTryCatch" "tryCatchOne" "tryCatchList" "tryCatch" "pkg_path" "dev_topic_path" "dev_topic_find" "?" 
"normalizePath" "get_start_path" "find_root" "find_root_file" "rprojroot_find_package_root_file" "doTryCatch" "tryCatchOne" "tryCatchList" "tryCatch" "pkg_path" "dev_topic_path" "dev_topic_find" "?" 
"normalizePath" "get_start_path" "find_root" "find_root_file" "rprojroot_find_package_root_file" "doTryCatch" "tryCatchOne" "tryCatchList" "tryCatch" "pkg_path" "dev_topic_path" "dev_topic_find" "?" 
"normalizePath" "get_start_path" "find_root" "find_root_file" "rprojroot_find_package_root_file" "doTryCatch" "tryCatchOne" "tryCatchList" "tryCatch" "pkg_path" "dev_topic_path" "dev_topic_find" "?" 
"normalizePath" "get_start_path" "find_root" "find_root_file" "rprojroot_find_package_root_file" "doTryCatch" "tryCatchOne" "tryCatchList" "tryCatch" "pkg_path" "dev_topic_path" "dev_topic_find" "?" 
"normalizePath" "get_start_path" "find_root" "find_root_file" "rprojroot_find_package_root_file" "doTryCatch" "tryCatchOne" "tryCatchList" "tryCatch" "pkg_path" "dev_topic_path" "dev_topic_find" "?" 
"normalizePath" "get_start_path" "find_root" "find_root_file" "rprojroot_find_package_root_file" "doTryCatch" "tryCatchOne" "tryCatchList" "tryCatch" "pkg_path" "dev_topic_path" "dev_topic_find" "?" 
"normalizePath" "get_start_path" "find_root" "find_root_file" "rprojroot_find_package_root_file" "doTryCatch" "tryCatchOne" "tryCatchList" "tryCatch" "pkg_path" "dev_topic_path" "dev_topic_find" "?" 
"normalizePath" "get_start_path" "find_root" "find_root_file" "rprojroot_find_package_root_file" "doTryCatch" "tryCatchOne" "tryCatchList" "tryCatch" "pkg_path" "dev_topic_path" "dev_topic_find" "?" 
"normalizePath" "get_start_path" "find_root" "find_root_file" "rprojroot_find_package_root_file" "doTryCatch" "tryCatchOne" "tryCatchList" "tryCatch" "pkg_path" "dev_topic_path" "dev_topic_find" "?" 
"normalizePath" "get_start_path" "find_root" "find_root_file" "rprojroot_find_package_root_file" "doTryCatch" "tryCatchOne" "tryCatchList" "tryCatch" "pkg_path" "dev_topic_path" "dev_topic_find" "?" 
"normalizePath" "get_start_path" "find_root" "find_root_file" "rprojroot_find_package_root_file" "doTryCatch" "tryCatchOne" "tryCatchList" "tryCatch" "pkg_path" "dev_topic_path" "dev_topic_find" "?" 
"normalizePath" "get_start_path" "find_root" "find_root_file" "rprojroot_find_package_root_file" "doTryCatch" "tryCatchOne" "tryCatchList" "tryCatch" "pkg_path" "dev_topic_path" "dev_topic_find" "?" 
"normalizePath" "get_start_path" "find_root" "find_root_file" "rprojroot_find_package_root_file" "doTryCatch" "tryCatchOne" "tryCatchList" "tryCatch" "pkg_path" "dev_topic_path" "dev_topic_find" "?" 
"normalizePath" "get_start_path" "find_root" "find_root_file" "rprojroot_find_package_root_file" "doTryCatch" "tryCatchOne" "tryCatchList" "tryCatch" "pkg_path" "dev_topic_path" "dev_topic_find" "?" 
"normalizePath" "get_start_path" "find_root" "find_root_file" "rprojroot_find_package_root_file" "doTryCatch" "tryCatchOne" "tryCatchList" "tryCatch" "pkg_path" "dev_topic_path" "dev_topic_find" "?" 
"normalizePath" "get_start_path" "find_root" "find_root_file" "rprojroot_find_package_root_file" "doTryCatch" "tryCatchOne" "tryCatchList" "tryCatch" "pkg_path" "dev_topic_path" "dev_topic_find" "?" 
"file.exists" "f" "find_root" "find_root_file" "rprojroot_find_package_root_file" "doTryCatch" "tryCatchOne" "tryCatchList" "tryCatch" "pkg_path" "dev_topic_path" "dev_topic_find" "?" 
"file.exists" "f" "find_root" "find_root_file" "rprojroot_find_package_root_file" "doTryCatch" "tryCatchOne" "tryCatchList" "tryCatch" "pkg_path" "dev_topic_path" "dev_topic_find" "?" 
"file.exists" "f" "find_root" "find_root_file" "rprojroot_find_package_root_file" "doTryCatch" "tryCatchOne" "tryCatchList" "tryCatch" "pkg_path" "dev_topic_path" "dev_topic_find" "?" 
"file" "readLines" "match_contents" "f" "find_root" "find_root_file" "rprojroot_find_package_root_file" "doTryCatch" "tryCatchOne" "tryCatchList" "tryCatch" "pkg_path" "dev_topic_path" "dev_topic_find" "?" 
"file" "readLines" "match_contents" "f" "find_root" "find_root_file" "rprojroot_find_package_root_file" "doTryCatch" "tryCatchOne" "tryCatchList" "tryCatch" "pkg_path" "dev_topic_path" "dev_topic_find" "?" 
"file" "readLines" "match_contents" "f" "find_root" "find_root_file" "rprojroot_find_package_root_file" "doTryCatch" "tryCatchOne" "tryCatchList" "tryCatch" "pkg_path" "dev_topic_path" "dev_topic_find" "?" 
"file" "readLines" "match_contents" "f" "find_root" "find_root_file" "rprojroot_find_package_root_file" "doTryCatch" "tryCatchOne" "tryCatchList" "tryCatch" "pkg_path" "dev_topic_path" "dev_topic_find" "?" 
"file" "readLines" "match_contents" "f" "find_root" "find_root_file" "rprojroot_find_package_root_file" "doTryCatch" "tryCatchOne" "tryCatchList" "tryCatch" "pkg_path" "dev_topic_path" "dev_topic_find" "?" 
"file" "readLines" "match_contents" "f" "find_root" "find_root_file" "rprojroot_find_package_root_file" "doTryCatch" "tryCatchOne" "tryCatchList" "tryCatch" "pkg_path" "dev_topic_path" "dev_topic_find" "?" 
"file" "readLines" "match_contents" "f" "find_root" "find_root_file" "rprojroot_find_package_root_file" "doTryCatch" "tryCatchOne" "tryCatchList" "tryCatch" "pkg_path" "dev_topic_path" "dev_topic_find" "?" 
"normalizePath" "get_start_path" "find_root" "find_root_file" "rprojroot_find_package_root_file" "doTryCatch" "tryCatchOne" "tryCatchList" "tryCatch" "pkg_path" "file.path" "package_file" "dev_topic_path" "dev_topic_find" "?" 
"normalizePath" "get_start_path" "find_root" "find_root_file" "rprojroot_find_package_root_file" "doTryCatch" "tryCatchOne" "tryCatchList" "tryCatch" "pkg_path" "file.path" "package_file" "dev_topic_path" "dev_topic_find" "?" 
"normalizePath" "get_start_path" "find_root" "find_root_file" "rprojroot_find_package_root_file" "doTryCatch" "tryCatchOne" "tryCatchList" "tryCatch" "pkg_path" "file.path" "package_file" "dev_topic_path" "dev_topic_find" "?" 
"normalizePath" "get_start_path" "find_root" "find_root_file" "rprojroot_find_package_root_file" "doTryCatch" "tryCatchOne" "tryCatchList" "tryCatch" "pkg_path" "file.path" "package_file" "dev_topic_path" "dev_topic_find" "?" 
"normalizePath" "get_start_path" "find_root" "find_root_file" "rprojroot_find_package_root_file" "doTryCatch" "tryCatchOne" "tryCatchList" "tryCatch" "pkg_path" "file.path" "package_file" "dev_topic_path" "dev_topic_find" "?" 
"normalizePath" "get_start_path" "find_root" "find_root_file" "rprojroot_find_package_root_file" "doTryCatch" "tryCatchOne" "tryCatchList" "tryCatch" "pkg_path" "file.path" "package_file" "dev_topic_path" "dev_topic_find" "?" 
"normalizePath" "get_start_path" "find_root" "find_root_file" "rprojroot_find_package_root_file" "doTryCatch" "tryCatchOne" "tryCatchList" "tryCatch" "pkg_path" "file.path" "package_file" "dev_topic_path" "dev_topic_find" "?" 
"normalizePath" "get_start_path" "find_root" "find_root_file" "rprojroot_find_package_root_file" "doTryCatch" "tryCatchOne" "tryCatchList" "tryCatch" "pkg_path" "file.path" "package_file" "dev_topic_path" "dev_topic_find" "?" 
"normalizePath" "get_start_path" "find_root" "find_root_file" "rprojroot_find_package_root_file" "doTryCatch" "tryCatchOne" "tryCatchList" "tryCatch" "pkg_path" "file.path" "package_file" "dev_topic_path" "dev_topic_find" "?" 
"normalizePath" "get_start_path" "find_root" "find_root_file" "rprojroot_find_package_root_file" "doTryCatch" "tryCatchOne" "tryCatchList" "tryCatch" "pkg_path" "file.path" "package_file" "dev_topic_path" "dev_topic_find" "?" 
"normalizePath" "get_start_path" "find_root" "find_root_file" "rprojroot_find_package_root_file" "doTryCatch" "tryCatchOne" "tryCatchList" "tryCatch" "pkg_path" "file.path" "package_file" "dev_topic_path" "dev_topic_find" "?" 
"normalizePath" "get_start_path" "find_root" "find_root_file" "rprojroot_find_package_root_file" "doTryCatch" "tryCatchOne" "tryCatchList" "tryCatch" "pkg_path" "file.path" "package_file" "dev_topic_path" "dev_topic_find" "?" 
"normalizePath" "get_start_path" "find_root" "find_root_file" "rprojroot_find_package_root_file" "doTryCatch" "tryCatchOne" "tryCatchList" "tryCatch" "pkg_path" "file.path" "package_file" "dev_topic_path" "dev_topic_find" "?" 
"normalizePath" "get_start_path" "find_root" "find_root_file" "rprojroot_find_package_root_file" "doTryCatch" "tryCatchOne" "tryCatchList" "tryCatch" "pkg_path" "file.path" "package_file" "dev_topic_path" "dev_topic_find" "?" 
"normalizePath" "get_start_path" "find_root" "find_root_file" "rprojroot_find_package_root_file" "doTryCatch" "tryCatchOne" "tryCatchList" "tryCatch" "pkg_path" "file.path" "package_file" "dev_topic_path" "dev_topic_find" "?" 
"normalizePath" "get_start_path" "find_root" "find_root_file" "rprojroot_find_package_root_file" "doTryCatch" "tryCatchOne" "tryCatchList" "tryCatch" "pkg_path" "file.path" "package_file" "dev_topic_path" "dev_topic_find" "?" 
"normalizePath" "get_start_path" "find_root" "find_root_file" "rprojroot_find_package_root_file" "doTryCatch" "tryCatchOne" "tryCatchList" "tryCatch" "pkg_path" "file.path" "package_file" "dev_topic_path" "dev_topic_find" "?" 
"normalizePath" "get_start_path" "find_root" "find_root_file" "rprojroot_find_package_root_file" "doTryCatch" "tryCatchOne" "tryCatchList" "tryCatch" "pkg_path" "file.path" "package_file" "dev_topic_path" "dev_topic_find" "?" 
"normalizePath" "get_start_path" "find_root" "find_root_file" "rprojroot_find_package_root_file" "doTryCatch" "tryCatchOne" "tryCatchList" "tryCatch" "pkg_path" "file.path" "package_file" "dev_topic_path" "dev_topic_find" "?" 
"normalizePath" "get_start_path" "find_root" "find_root_file" "rprojroot_find_package_root_file" "doTryCatch" "tryCatchOne" "tryCatchList" "tryCatch" "pkg_path" "file.path" "package_file" "dev_topic_path" "dev_topic_find" "?" 
"normalizePath" "get_start_path" "find_root" "find_root_file" "rprojroot_find_package_root_file" "doTryCatch" "tryCatchOne" "tryCatchList" "tryCatch" "pkg_path" "file.path" "package_file" "dev_topic_path" "dev_topic_find" "?" 
"file.exists" "f" "find_root" "find_root_file" "rprojroot_find_package_root_file" "doTryCatch" "tryCatchOne" "tryCatchList" "tryCatch" "pkg_path" "file.path" "package_file" "dev_topic_path" "dev_topic_find" "?" 
"file.exists" "f" "find_root" "find_root_file" "rprojroot_find_package_root_file" "doTryCatch" "tryCatchOne" "tryCatchList" "tryCatch" "pkg_path" "file.path" "package_file" "dev_topic_path" "dev_topic_find" "?" 
"file.exists" "f" "find_root" "find_root_file" "rprojroot_find_package_root_file" "doTryCatch" "tryCatchOne" "tryCatchList" "tryCatch" "pkg_path" "file.path" "package_file" "dev_topic_path" "dev_topic_find" "?" 
"file.exists" "f" "find_root" "find_root_file" "rprojroot_find_package_root_file" "doTryCatch" "tryCatchOne" "tryCatchList" "tryCatch" "pkg_path" "file.path" "package_file" "dev_topic_path" "dev_topic_find" "?" 
"file.exists" "f" "find_root" "find_root_file" "rprojroot_find_package_root_file" "doTryCatch" "tryCatchOne" "tryCatchList" "tryCatch" "pkg_path" "file.path" "package_file" "dev_topic_path" "dev_topic_find" "?" 
"file.exists" "f" "find_root" "find_root_file" "rprojroot_find_package_root_file" "doTryCatch" "tryCatchOne" "tryCatchList" "tryCatch" "pkg_path" "file.path" "package_file" "dev_topic_path" "dev_topic_find" "?" 
"file.exists" "f" "find_root" "find_root_file" "rprojroot_find_package_root_file" "doTryCatch" "tryCatchOne" "tryCatchList" "tryCatch" "pkg_path" "file.path" "package_file" "dev_topic_path" "dev_topic_find" "?" 
"file.exists" "f" "find_root" "find_root_file" "rprojroot_find_package_root_file" "doTryCatch" "tryCatchOne" "tryCatchList" "tryCatch" "pkg_path" "file.path" "package_file" "dev_topic_path" "dev_topic_find" "?" 
"file.exists" "f" "find_root" "find_root_file" "rprojroot_find_package_root_file" "doTryCatch" "tryCatchOne" "tryCatchList" "tryCatch" "pkg_path" "file.path" "package_file" "dev_topic_path" "dev_topic_find" "?" 
"file.exists" "f" "find_root" "find_root_file" "rprojroot_find_package_root_file" "doTryCatch" "tryCatchOne" "tryCatchList" "tryCatch" "pkg_path" "file.path" "package_file" "dev_topic_path" "dev_topic_find" "?" 
"file.exists" "f" "find_root" "find_root_file" "rprojroot_find_package_root_file" "doTryCatch" "tryCatchOne" "tryCatchList" "tryCatch" "pkg_path" "file.path" "package_file" "dev_topic_path" "dev_topic_find" "?" 
"file.exists" "f" "find_root" "find_root_file" "rprojroot_find_package_root_file" "doTryCatch" "tryCatchOne" "tryCatchList" "tryCatch" "pkg_path" "file.path" "package_file" "dev_topic_path" "dev_topic_find" "?" 
"file.exists" "f" "find_root" "find_root_file" "rprojroot_find_package_root_file" "doTryCatch" "tryCatchOne" "tryCatchList" "tryCatch" "pkg_path" "file.path" "package_file" "dev_topic_path" "dev_topic_find" "?" 
"file.exists" "f" "find_root" "find_root_file" "rprojroot_find_package_root_file" "doTryCatch" "tryCatchOne" "tryCatchList" "tryCatch" "pkg_path" "file.path" "package_file" "dev_topic_path" "dev_topic_find" "?" 
"dir.exists" "f" "find_root" "find_root_file" "rprojroot_find_package_root_file" "doTryCatch" "tryCatchOne" "tryCatchList" "tryCatch" "pkg_path" "file.path" "package_file" "dev_topic_path" "dev_topic_find" "?" 
"dir.exists" "f" "find_root" "find_root_file" "rprojroot_find_package_root_file" "doTryCatch" "tryCatchOne" "tryCatchList" "tryCatch" "pkg_path" "file.path" "package_file" "dev_topic_path" "dev_topic_find" "?" 
"dir.exists" "f" "find_root" "find_root_file" "rprojroot_find_package_root_file" "doTryCatch" "tryCatchOne" "tryCatchList" "tryCatch" "pkg_path" "file.path" "package_file" "dev_topic_path" "dev_topic_find" "?" 
"file" "readLines" "match_contents" "f" "find_root" "find_root_file" "rprojroot_find_package_root_file" "doTryCatch" "tryCatchOne" "tryCatchList" "tryCatch" "pkg_path" "file.path" "package_file" "dev_topic_path" "dev_topic_find" "?" 
"file" "readLines" "match_contents" "f" "find_root" "find_root_file" "rprojroot_find_package_root_file" "doTryCatch" "tryCatchOne" "tryCatchList" "tryCatch" "pkg_path" "file.path" "package_file" "dev_topic_path" "dev_topic_find" "?" 
"file" "readLines" "match_contents" "f" "find_root" "find_root_file" "rprojroot_find_package_root_file" "doTryCatch" "tryCatchOne" "tryCatchList" "tryCatch" "pkg_path" "file.path" "package_file" "dev_topic_path" "dev_topic_find" "?" 
"file.exists" "dev_topic_path" "dev_topic_find" "?" 
"file.exists" "dev_topic_path" "dev_topic_find" "?" 
"file.exists" "dev_topic_path" "dev_topic_find" "?" 
"normalizePath" "get_start_path" "find_root" "find_root_file" "rprojroot_find_package_root_file" "doTryCatch" "tryCatchOne" "tryCatchList" "tryCatch" "pkg_path" "dev_topic_index" "dev_topic_path" "dev_topic_find" "?" 
"normalizePath" "get_start_path" "find_root" "find_root_file" "rprojroot_find_package_root_file" "doTryCatch" "tryCatchOne" "tryCatchList" "tryCatch" "pkg_path" "dev_topic_index" "dev_topic_path" "dev_topic_find" "?" 
"normalizePath" "get_start_path" "find_root" "find_root_file" "rprojroot_find_package_root_file" "doTryCatch" "tryCatchOne" "tryCatchList" "tryCatch" "pkg_path" "dev_topic_index" "dev_topic_path" "dev_topic_find" "?" 
"normalizePath" "get_start_path" "find_root" "find_root_file" "rprojroot_find_package_root_file" "doTryCatch" "tryCatchOne" "tryCatchList" "tryCatch" "pkg_path" "dev_topic_index" "dev_topic_path" "dev_topic_find" "?" 
"normalizePath" "get_start_path" "find_root" "find_root_file" "rprojroot_find_package_root_file" "doTryCatch" "tryCatchOne" "tryCatchList" "tryCatch" "pkg_path" "dev_topic_index" "dev_topic_path" "dev_topic_find" "?" 
"normalizePath" "get_start_path" "find_root" "find_root_file" "rprojroot_find_package_root_file" "doTryCatch" "tryCatchOne" "tryCatchList" "tryCatch" "pkg_path" "dev_topic_index" "dev_topic_path" "dev_topic_find" "?" 
"normalizePath" "get_start_path" "find_root" "find_root_file" "rprojroot_find_package_root_file" "doTryCatch" "tryCatchOne" "tryCatchList" "tryCatch" "pkg_path" "dev_topic_index" "dev_topic_path" "dev_topic_find" "?" 
"file.exists" "f" "find_root" "find_root_file" "rprojroot_find_package_root_file" "doTryCatch" "tryCatchOne" "tryCatchList" "tryCatch" "pkg_path" "dev_topic_index" "dev_topic_path" "dev_topic_find" "?" 
"file.exists" "f" "find_root" "find_root_file" "rprojroot_find_package_root_file" "doTryCatch" "tryCatchOne" "tryCatchList" "tryCatch" "pkg_path" "dev_topic_index" "dev_topic_path" "dev_topic_find" "?" 
"file.exists" "f" "find_root" "find_root_file" "rprojroot_find_package_root_file" "doTryCatch" "tryCatchOne" "tryCatchList" "tryCatch" "pkg_path" "dev_topic_index" "dev_topic_path" "dev_topic_find" "?" 
"file" "readLines" "match_contents" "f" "find_root" "find_root_file" "rprojroot_find_package_root_file" "doTryCatch" "tryCatchOne" "tryCatchList" "tryCatch" "pkg_path" "dev_topic_index" "dev_topic_path" "dev_topic_find" "?" 
"file" "readLines" "match_contents" "f" "find_root" "find_root_file" "rprojroot_find_package_root_file" "doTryCatch" "tryCatchOne" "tryCatchList" "tryCatch" "pkg_path" "dev_topic_index" "dev_topic_path" "dev_topic_find" "?" 
"normalizePath" "get_start_path" "find_root" "find_root_file" "rprojroot_find_package_root_file" "doTryCatch" "tryCatchOne" "tryCatchList" "tryCatch" "pkg_path" "idesc_create" "initialize" "description$new" "desc_desc_get" "pkg_name" "dev_topic_index" "dev_topic_path" "dev_topic_find" "?" 
"normalizePath" "get_start_path" "find_root" "find_root_file" "rprojroot_find_package_root_file" "doTryCatch" "tryCatchOne" "tryCatchList" "tryCatch" "pkg_path" "idesc_create" "initialize" "description$new" "desc_desc_get" "pkg_name" "dev_topic_index" "dev_topic_path" "dev_topic_find" "?" 
"normalizePath" "get_start_path" "find_root" "find_root_file" "rprojroot_find_package_root_file" "doTryCatch" "tryCatchOne" "tryCatchList" "tryCatch" "pkg_path" "idesc_create" "initialize" "description$new" "desc_desc_get" "pkg_name" "dev_topic_index" "dev_topic_path" "dev_topic_find" "?" 
"normalizePath" "get_start_path" "find_root" "find_root_file" "rprojroot_find_package_root_file" "doTryCatch" "tryCatchOne" "tryCatchList" "tryCatch" "pkg_path" "idesc_create" "initialize" "description$new" "desc_desc_get" "pkg_name" "dev_topic_index" "dev_topic_path" "dev_topic_find" "?" 
"normalizePath" "get_start_path" "find_root" "find_root_file" "rprojroot_find_package_root_file" "doTryCatch" "tryCatchOne" "tryCatchList" "tryCatch" "pkg_path" "idesc_create" "initialize" "description$new" "desc_desc_get" "pkg_name" "dev_topic_index" "dev_topic_path" "dev_topic_find" "?" 
"normalizePath" "get_start_path" "find_root" "find_root_file" "rprojroot_find_package_root_file" "doTryCatch" "tryCatchOne" "tryCatchList" "tryCatch" "pkg_path" "idesc_create" "initialize" "description$new" "desc_desc_get" "pkg_name" "dev_topic_index" "dev_topic_path" "dev_topic_find" "?" 
"file.exists" "f" "find_root" "find_root_file" "rprojroot_find_package_root_file" "doTryCatch" "tryCatchOne" "tryCatchList" "tryCatch" "pkg_path" "idesc_create" "initialize" "description$new" "desc_desc_get" "pkg_name" "dev_topic_index" "dev_topic_path" "dev_topic_find" "?" 
"file.exists" "f" "find_root" "find_root_file" "rprojroot_find_package_root_file" "doTryCatch" "tryCatchOne" "tryCatchList" "tryCatch" "pkg_path" "idesc_create" "initialize" "description$new" "desc_desc_get" "pkg_name" "dev_topic_index" "dev_topic_path" "dev_topic_find" "?" 
"file" "readLines" "match_contents" "f" "find_root" "find_root_file" "rprojroot_find_package_root_file" "doTryCatch" "tryCatchOne" "tryCatchList" "tryCatch" "pkg_path" "idesc_create" "initialize" "description$new" "desc_desc_get" "pkg_name" "dev_topic_index" "dev_topic_path" "dev_topic_find" "?" 
"file" "readLines" "match_contents" "f" "find_root" "find_root_file" "rprojroot_find_package_root_file" "doTryCatch" "tryCatchOne" "tryCatchList" "tryCatch" "pkg_path" "idesc_create" "initialize" "description$new" "desc_desc_get" "pkg_name" "dev_topic_index" "dev_topic_path" "dev_topic_find" "?" 
"normalizePath" "get_start_path" "rprojroot::find_root" "find_description" "idesc_create_file" "idesc_create" "initialize" "description$new" "desc_desc_get" "pkg_name" "dev_topic_index" "dev_topic_path" "dev_topic_find" "?" 
"normalizePath" "get_start_path" "rprojroot::find_root" "find_description" "idesc_create_file" "idesc_create" "initialize" "description$new" "desc_desc_get" "pkg_name" "dev_topic_index" "dev_topic_path" "dev_topic_find" "?" 
"normalizePath" "get_start_path" "rprojroot::find_root" "find_description" "idesc_create_file" "idesc_create" "initialize" "description$new" "desc_desc_get" "pkg_name" "dev_topic_index" "dev_topic_path" "dev_topic_find" "?" 
"normalizePath" "get_start_path" "rprojroot::find_root" "find_description" "idesc_create_file" "idesc_create" "initialize" "description$new" "desc_desc_get" "pkg_name" "dev_topic_index" "dev_topic_path" "dev_topic_find" "?" 
"normalizePath" "get_start_path" "rprojroot::find_root" "find_description" "idesc_create_file" "idesc_create" "initialize" "description$new" "desc_desc_get" "pkg_name" "dev_topic_index" "dev_topic_path" "dev_topic_find" "?" 
"normalizePath" "get_start_path" "rprojroot::find_root" "find_description" "idesc_create_file" "idesc_create" "initialize" "description$new" "desc_desc_get" "pkg_name" "dev_topic_index" "dev_topic_path" "dev_topic_find" "?" 
"normalizePath" "get_start_path" "rprojroot::find_root" "find_description" "idesc_create_file" "idesc_create" "initialize" "description$new" "desc_desc_get" "pkg_name" "dev_topic_index" "dev_topic_path" "dev_topic_find" "?" 
"normalizePath" "get_start_path" "rprojroot::find_root" "find_description" "idesc_create_file" "idesc_create" "initialize" "description$new" "desc_desc_get" "pkg_name" "dev_topic_index" "dev_topic_path" "dev_topic_find" "?" 
"normalizePath" "get_start_path" "rprojroot::find_root" "find_description" "idesc_create_file" "idesc_create" "initialize" "description$new" "desc_desc_get" "pkg_name" "dev_topic_index" "dev_topic_path" "dev_topic_find" "?" 
"normalizePath" "get_start_path" "rprojroot::find_root" "find_description" "idesc_create_file" "idesc_create" "initialize" "description$new" "desc_desc_get" "pkg_name" "dev_topic_index" "dev_topic_path" "dev_topic_find" "?" 
"normalizePath" "get_start_path" "rprojroot::find_root" "find_description" "idesc_create_file" "idesc_create" "initialize" "description$new" "desc_desc_get" "pkg_name" "dev_topic_index" "dev_topic_path" "dev_topic_find" "?" 
"normalizePath" "get_start_path" "find_root" "find_root_file" "rprojroot_find_package_root_file" "doTryCatch" "tryCatchOne" "tryCatchList" "tryCatch" "pkg_path" "dev_topic_path" "dev_topic_find" "?" 
"normalizePath" "get_start_path" "find_root" "find_root_file" "rprojroot_find_package_root_file" "doTryCatch" "tryCatchOne" "tryCatchList" "tryCatch" "pkg_path" "dev_topic_path" "dev_topic_find" "?" 
"normalizePath" "get_start_path" "find_root" "find_root_file" "rprojroot_find_package_root_file" "doTryCatch" "tryCatchOne" "tryCatchList" "tryCatch" "pkg_path" "dev_topic_path" "dev_topic_find" "?" 
"normalizePath" "get_start_path" "find_root" "find_root_file" "rprojroot_find_package_root_file" "doTryCatch" "tryCatchOne" "tryCatchList" "tryCatch" "pkg_path" "dev_topic_path" "dev_topic_find" "?" 
"normalizePath" "get_start_path" "find_root" "find_root_file" "rprojroot_find_package_root_file" "doTryCatch" "tryCatchOne" "tryCatchList" "tryCatch" "pkg_path" "dev_topic_path" "dev_topic_find" "?" 
"normalizePath" "get_start_path" "find_root" "find_root_file" "rprojroot_find_package_root_file" "doTryCatch" "tryCatchOne" "tryCatchList" "tryCatch" "pkg_path" "dev_topic_path" "dev_topic_find" "?" 
"normalizePath" "get_start_path" "find_root" "find_root_file" "rprojroot_find_package_root_file" "doTryCatch" "tryCatchOne" "tryCatchList" "tryCatch" "pkg_path" "dev_topic_path" "dev_topic_find" "?" 
"normalizePath" "get_start_path" "find_root" "find_root_file" "rprojroot_find_package_root_file" "doTryCatch" "tryCatchOne" "tryCatchList" "tryCatch" "pkg_path" "dev_topic_path" "dev_topic_find" "?" 
"normalizePath" "get_start_path" "find_root" "find_root_file" "rprojroot_find_package_root_file" "doTryCatch" "tryCatchOne" "tryCatchList" "tryCatch" "pkg_path" "dev_topic_path" "dev_topic_find" "?" 
"normalizePath" "get_start_path" "find_root" "find_root_file" "rprojroot_find_package_root_file" "doTryCatch" "tryCatchOne" "tryCatchList" "tryCatch" "pkg_path" "dev_topic_path" "dev_topic_find" "?" 
"normalizePath" "get_start_path" "find_root" "find_root_file" "rprojroot_find_package_root_file" "doTryCatch" "tryCatchOne" "tryCatchList" "tryCatch" "pkg_path" "dev_topic_path" "dev_topic_find" "?" 
"normalizePath" "get_start_path" "find_root" "find_root_file" "rprojroot_find_package_root_file" "doTryCatch" "tryCatchOne" "tryCatchList" "tryCatch" "pkg_path" "dev_topic_path" "dev_topic_find" "?" 
"normalizePath" "get_start_path" "find_root" "find_root_file" "rprojroot_find_package_root_file" "doTryCatch" "tryCatchOne" "tryCatchList" "tryCatch" "pkg_path" "dev_topic_path" "dev_topic_find" "?" 
"file.exists" "f" "find_root" "find_root_file" "rprojroot_find_package_root_file" "doTryCatch" "tryCatchOne" "tryCatchList" "tryCatch" "pkg_path" "dev_topic_path" "dev_topic_find" "?" 
"file.exists" "f" "find_root" "find_root_file" "rprojroot_find_package_root_file" "doTryCatch" "tryCatchOne" "tryCatchList" "tryCatch" "pkg_path" "dev_topic_path" "dev_topic_find" "?" 
"file.exists" "f" "find_root" "find_root_file" "rprojroot_find_package_root_file" "doTryCatch" "tryCatchOne" "tryCatchList" "tryCatch" "pkg_path" "dev_topic_path" "dev_topic_find" "?" 
"file.exists" "f" "find_root" "find_root_file" "rprojroot_find_package_root_file" "doTryCatch" "tryCatchOne" "tryCatchList" "tryCatch" "pkg_path" "dev_topic_path" "dev_topic_find" "?" 
"file.exists" "f" "find_root" "find_root_file" "rprojroot_find_package_root_file" "doTryCatch" "tryCatchOne" "tryCatchList" "tryCatch" "pkg_path" "dev_topic_path" "dev_topic_find" "?" 
"file" "readLines" "match_contents" "f" "find_root" "find_root_file" "rprojroot_find_package_root_file" "doTryCatch" "tryCatchOne" "tryCatchList" "tryCatch" "pkg_path" "dev_topic_path" "dev_topic_find" "?" 
"file" "readLines" "match_contents" "f" "find_root" "find_root_file" "rprojroot_find_package_root_file" "doTryCatch" "tryCatchOne" "tryCatchList" "tryCatch" "pkg_path" "dev_topic_path" "dev_topic_find" "?" 
"file" "readLines" "match_contents" "f" "find_root" "find_root_file" "rprojroot_find_package_root_file" "doTryCatch" "tryCatchOne" "tryCatchList" "tryCatch" "pkg_path" "dev_topic_path" "dev_topic_find" "?" 
"file" "readLines" "match_contents" "f" "find_root" "find_root_file" "rprojroot_find_package_root_file" "doTryCatch" "tryCatchOne" "tryCatchList" "tryCatch" "pkg_path" "dev_topic_path" "dev_topic_find" "?" 
"file" "readLines" "match_contents" "f" "find_root" "find_root_file" "rprojroot_find_package_root_file" "doTryCatch" "tryCatchOne" "tryCatchList" "tryCatch" "pkg_path" "dev_topic_path" "dev_topic_find" "?" 
"normalizePath" "get_start_path" "find_root" "find_root_file" "rprojroot_find_package_root_file" "doTryCatch" "tryCatchOne" "tryCatchList" "tryCatch" "pkg_path" "file.path" "package_file" "dev_topic_path" "dev_topic_find" "?" 
"normalizePath" "get_start_path" "find_root" "find_root_file" "rprojroot_find_package_root_file" "doTryCatch" "tryCatchOne" "tryCatchList" "tryCatch" "pkg_path" "file.path" "package_file" "dev_topic_path" "dev_topic_find" "?" 
"normalizePath" "get_start_path" "find_root" "find_root_file" "rprojroot_find_package_root_file" "doTryCatch" "tryCatchOne" "tryCatchList" "tryCatch" "pkg_path" "file.path" "package_file" "dev_topic_path" "dev_topic_find" "?" 
"normalizePath" "get_start_path" "find_root" "find_root_file" "rprojroot_find_package_root_file" "doTryCatch" "tryCatchOne" "tryCatchList" "tryCatch" "pkg_path" "file.path" "package_file" "dev_topic_path" "dev_topic_find" "?" 
"normalizePath" "get_start_path" "find_root" "find_root_file" "rprojroot_find_package_root_file" "doTryCatch" "tryCatchOne" "tryCatchList" "tryCatch" "pkg_path" "file.path" "package_file" "dev_topic_path" "dev_topic_find" "?" 
"normalizePath" "get_start_path" "find_root" "find_root_file" "rprojroot_find_package_root_file" "doTryCatch" "tryCatchOne" "tryCatchList" "tryCatch" "pkg_path" "file.path" "package_file" "dev_topic_path" "dev_topic_find" "?" 
"normalizePath" "get_start_path" "find_root" "find_root_file" "rprojroot_find_package_root_file" "doTryCatch" "tryCatchOne" "tryCatchList" "tryCatch" "pkg_path" "file.path" "package_file" "dev_topic_path" "dev_topic_find" "?" 
"normalizePath" "get_start_path" "find_root" "find_root_file" "rprojroot_find_package_root_file" "doTryCatch" "tryCatchOne" "tryCatchList" "tryCatch" "pkg_path" "file.path" "package_file" "dev_topic_path" "dev_topic_find" "?" 
"file.exists" "f" "find_root" "find_root_file" "rprojroot_find_package_root_file" "doTryCatch" "tryCatchOne" "tryCatchList" "tryCatch" "pkg_path" "file.path" "package_file" "dev_topic_path" "dev_topic_find" "?" 
"file.exists" "f" "find_root" "find_root_file" "rprojroot_find_package_root_file" "doTryCatch" "tryCatchOne" "tryCatchList" "tryCatch" "pkg_path" "file.path" "package_file" "dev_topic_path" "dev_topic_find" "?" 
"file.exists" "f" "find_root" "find_root_file" "rprojroot_find_package_root_file" "doTryCatch" "tryCatchOne" "tryCatchList" "tryCatch" "pkg_path" "file.path" "package_file" "dev_topic_path" "dev_topic_find" "?" 
"file.exists" "f" "find_root" "find_root_file" "rprojroot_find_package_root_file" "doTryCatch" "tryCatchOne" "tryCatchList" "tryCatch" "pkg_path" "file.path" "package_file" "dev_topic_path" "dev_topic_find" "?" 
"file.exists" "f" "find_root" "find_root_file" "rprojroot_find_package_root_file" "doTryCatch" "tryCatchOne" "tryCatchList" "tryCatch" "pkg_path" "file.path" "package_file" "dev_topic_path" "dev_topic_find" "?" 
"file" "readLines" "match_contents" "f" "find_root" "find_root_file" "rprojroot_find_package_root_file" "doTryCatch" "tryCatchOne" "tryCatchList" "tryCatch" "pkg_path" "file.path" "package_file" "dev_topic_path" "dev_topic_find" "?" 
"file" "readLines" "match_contents" "f" "find_root" "find_root_file" "rprojroot_find_package_root_file" "doTryCatch" "tryCatchOne" "tryCatchList" "tryCatch" "pkg_path" "file.path" "package_file" "dev_topic_path" "dev_topic_find" "?" 
"file" "readLines" "match_contents" "f" "find_root" "find_root_file" "rprojroot_find_package_root_file" "doTryCatch" "tryCatchOne" "tryCatchList" "tryCatch" "pkg_path" "file.path" "package_file" "dev_topic_path" "dev_topic_find" "?" 
"file" "readLines" "match_contents" "f" "find_root" "find_root_file" "rprojroot_find_package_root_file" "doTryCatch" "tryCatchOne" "tryCatchList" "tryCatch" "pkg_path" "file.path" "package_file" "dev_topic_path" "dev_topic_find" "?" 
"normalizePath" "get_start_path" "find_root" "find_root_file" "rprojroot_find_package_root_file" "doTryCatch" "tryCatchOne" "tryCatchList" "tryCatch" "pkg_path" "dev_topic_index" "dev_topic_path" "dev_topic_find" "?" 
"normalizePath" "get_start_path" "find_root" "find_root_file" "rprojroot_find_package_root_file" "doTryCatch" "tryCatchOne" "tryCatchList" "tryCatch" "pkg_path" "dev_topic_index" "dev_topic_path" "dev_topic_find" "?" 
"normalizePath" "get_start_path" "find_root" "find_root_file" "rprojroot_find_package_root_file" "doTryCatch" "tryCatchOne" "tryCatchList" "tryCatch" "pkg_path" "dev_topic_index" "dev_topic_path" "dev_topic_find" "?" 
"normalizePath" "get_start_path" "find_root" "find_root_file" "rprojroot_find_package_root_file" "doTryCatch" "tryCatchOne" "tryCatchList" "tryCatch" "pkg_path" "dev_topic_index" "dev_topic_path" "dev_topic_find" "?" 
"normalizePath" "get_start_path" "find_root" "find_root_file" "rprojroot_find_package_root_file" "doTryCatch" "tryCatchOne" "tryCatchList" "tryCatch" "pkg_path" "dev_topic_index" "dev_topic_path" "dev_topic_find" "?" 
"normalizePath" "get_start_path" "find_root" "find_root_file" "rprojroot_find_package_root_file" "doTryCatch" "tryCatchOne" "tryCatchList" "tryCatch" "pkg_path" "dev_topic_index" "dev_topic_path" "dev_topic_find" "?" 
"normalizePath" "get_start_path" "find_root" "find_root_file" "rprojroot_find_package_root_file" "doTryCatch" "tryCatchOne" "tryCatchList" "tryCatch" "pkg_path" "dev_topic_index" "dev_topic_path" "dev_topic_find" "?" 
"normalizePath" "get_start_path" "find_root" "find_root_file" "rprojroot_find_package_root_file" "doTryCatch" "tryCatchOne" "tryCatchList" "tryCatch" "pkg_path" "dev_topic_index" "dev_topic_path" "dev_topic_find" "?" 
"normalizePath" "get_start_path" "find_root" "find_root_file" "rprojroot_find_package_root_file" "doTryCatch" "tryCatchOne" "tryCatchList" "tryCatch" "pkg_path" "dev_topic_index" "dev_topic_path" "dev_topic_find" "?" 
"normalizePath" "get_start_path" "find_root" "find_root_file" "rprojroot_find_package_root_file" "doTryCatch" "tryCatchOne" "tryCatchList" "tryCatch" "pkg_path" "dev_topic_index" "dev_topic_path" "dev_topic_find" "?" 
"file.exists" "f" "find_root" "find_root_file" "rprojroot_find_package_root_file" "doTryCatch" "tryCatchOne" "tryCatchList" "tryCatch" "pkg_path" "dev_topic_index" "dev_topic_path" "dev_topic_find" "?" 
"file.exists" "f" "find_root" "find_root_file" "rprojroot_find_package_root_file" "doTryCatch" "tryCatchOne" "tryCatchList" "tryCatch" "pkg_path" "dev_topic_index" "dev_topic_path" "dev_topic_find" "?" 
"file.exists" "f" "find_root" "find_root_file" "rprojroot_find_package_root_file" "doTryCatch" "tryCatchOne" "tryCatchList" "tryCatch" "pkg_path" "dev_topic_index" "dev_topic_path" "dev_topic_find" "?" 
"file" "readLines" "match_contents" "f" "find_root" "find_root_file" "rprojroot_find_package_root_file" "doTryCatch" "tryCatchOne" "tryCatchList" "tryCatch" "pkg_path" "dev_topic_index" "dev_topic_path" "dev_topic_find" "?" 
"file" "readLines" "match_contents" "f" "find_root" "find_root_file" "rprojroot_find_package_root_file" "doTryCatch" "tryCatchOne" "tryCatchList" "tryCatch" "pkg_path" "dev_topic_index" "dev_topic_path" "dev_topic_find" "?" 
"file" "readLines" "match_contents" "f" "find_root" "find_root_file" "rprojroot_find_package_root_file" "doTryCatch" "tryCatchOne" "tryCatchList" "tryCatch" "pkg_path" "dev_topic_index" "dev_topic_path" "dev_topic_find" "?" 
"normalizePath" "get_start_path" "find_root" "find_root_file" "rprojroot_find_package_root_file" "doTryCatch" "tryCatchOne" "tryCatchList" "tryCatch" "pkg_path" "idesc_create" "initialize" "description$new" "desc_desc_get" "pkg_name" "dev_topic_index" "dev_topic_path" "dev_topic_find" "?" 
"normalizePath" "get_start_path" "find_root" "find_root_file" "rprojroot_find_package_root_file" "doTryCatch" "tryCatchOne" "tryCatchList" "tryCatch" "pkg_path" "idesc_create" "initialize" "description$new" "desc_desc_get" "pkg_name" "dev_topic_index" "dev_topic_path" "dev_topic_find" "?" 
"normalizePath" "get_start_path" "find_root" "find_root_file" "rprojroot_find_package_root_file" "doTryCatch" "tryCatchOne" "tryCatchList" "tryCatch" "pkg_path" "idesc_create" "initialize" "description$new" "desc_desc_get" "pkg_name" "dev_topic_index" "dev_topic_path" "dev_topic_find" "?" 
"normalizePath" "get_start_path" "find_root" "find_root_file" "rprojroot_find_package_root_file" "doTryCatch" "tryCatchOne" "tryCatchList" "tryCatch" "pkg_path" "idesc_create" "initialize" "description$new" "desc_desc_get" "pkg_name" "dev_topic_index" "dev_topic_path" "dev_topic_find" "?" 
"normalizePath" "get_start_path" "find_root" "find_root_file" "rprojroot_find_package_root_file" "doTryCatch" "tryCatchOne" "tryCatchList" "tryCatch" "pkg_path" "idesc_create" "initialize" "description$new" "desc_desc_get" "pkg_name" "dev_topic_index" "dev_topic_path" "dev_topic_find" "?" 
"normalizePath" "get_start_path" "find_root" "find_root_file" "rprojroot_find_package_root_file" "doTryCatch" "tryCatchOne" "tryCatchList" "tryCatch" "pkg_path" "idesc_create" "initialize" "description$new" "desc_desc_get" "pkg_name" "dev_topic_index" "dev_topic_path" "dev_topic_find" "?" 
"normalizePath" "get_start_path" "find_root" "find_root_file" "rprojroot_find_package_root_file" "doTryCatch" "tryCatchOne" "tryCatchList" "tryCatch" "pkg_path" "idesc_create" "initialize" "description$new" "desc_desc_get" "pkg_name" "dev_topic_index" "dev_topic_path" "dev_topic_find" "?" 
"normalizePath" "get_start_path" "find_root" "find_root_file" "rprojroot_find_package_root_file" "doTryCatch" "tryCatchOne" "tryCatchList" "tryCatch" "pkg_path" "idesc_create" "initialize" "description$new" "desc_desc_get" "pkg_name" "dev_topic_index" "dev_topic_path" "dev_topic_find" "?" 
"normalizePath" "get_start_path" "find_root" "find_root_file" "rprojroot_find_package_root_file" "doTryCatch" "tryCatchOne" "tryCatchList" "tryCatch" "pkg_path" "idesc_create" "initialize" "description$new" "desc_desc_get" "pkg_name" "dev_topic_index" "dev_topic_path" "dev_topic_find" "?" 
"normalizePath" "get_start_path" "find_root" "find_root_file" "rprojroot_find_package_root_file" "doTryCatch" "tryCatchOne" "tryCatchList" "tryCatch" "pkg_path" "idesc_create" "initialize" "description$new" "desc_desc_get" "pkg_name" "dev_topic_index" "dev_topic_path" "dev_topic_find" "?" 
"file.exists" "f" "find_root" "find_root_file" "rprojroot_find_package_root_file" "doTryCatch" "tryCatchOne" "tryCatchList" "tryCatch" "pkg_path" "idesc_create" "initialize" "description$new" "desc_desc_get" "pkg_name" "dev_topic_index" "dev_topic_path" "dev_topic_find" "?" 
"file.exists" "f" "find_root" "find_root_file" "rprojroot_find_package_root_file" "doTryCatch" "tryCatchOne" "tryCatchList" "tryCatch" "pkg_path" "idesc_create" "initialize" "description$new" "desc_desc_get" "pkg_name" "dev_topic_index" "dev_topic_path" "dev_topic_find" "?" 
"file.exists" "f" "find_root" "find_root_file" "rprojroot_find_package_root_file" "doTryCatch" "tryCatchOne" "tryCatchList" "tryCatch" "pkg_path" "idesc_create" "initialize" "description$new" "desc_desc_get" "pkg_name" "dev_topic_index" "dev_topic_path" "dev_topic_find" "?" 
"file.exists" "f" "find_root" "find_root_file" "rprojroot_find_package_root_file" "doTryCatch" "tryCatchOne" "tryCatchList" "tryCatch" "pkg_path" "idesc_create" "initialize" "description$new" "desc_desc_get" "pkg_name" "dev_topic_index" "dev_topic_path" "dev_topic_find" "?" 
"file.exists" "f" "find_root" "find_root_file" "rprojroot_find_package_root_file" "doTryCatch" "tryCatchOne" "tryCatchList" "tryCatch" "pkg_path" "idesc_create" "initialize" "description$new" "desc_desc_get" "pkg_name" "dev_topic_index" "dev_topic_path" "dev_topic_find" "?" 
"file" "readLines" "match_contents" "f" "find_root" "find_root_file" "rprojroot_find_package_root_file" "doTryCatch" "tryCatchOne" "tryCatchList" "tryCatch" "pkg_path" "idesc_create" "initialize" "description$new" "desc_desc_get" "pkg_name" "dev_topic_index" "dev_topic_path" "dev_topic_find" "?" 
"file" "readLines" "match_contents" "f" "find_root" "find_root_file" "rprojroot_find_package_root_file" "doTryCatch" "tryCatchOne" "tryCatchList" "tryCatch" "pkg_path" "idesc_create" "initialize" "description$new" "desc_desc_get" "pkg_name" "dev_topic_index" "dev_topic_path" "dev_topic_find" "?" 
"normalizePath" "get_start_path" "rprojroot::find_root" "find_description" "idesc_create_file" "idesc_create" "initialize" "description$new" "desc_desc_get" "pkg_name" "dev_topic_index" "dev_topic_path" "dev_topic_find" "?" 
"normalizePath" "get_start_path" "rprojroot::find_root" "find_description" "idesc_create_file" "idesc_create" "initialize" "description$new" "desc_desc_get" "pkg_name" "dev_topic_index" "dev_topic_path" "dev_topic_find" "?" 
"normalizePath" "get_start_path" "rprojroot::find_root" "find_description" "idesc_create_file" "idesc_create" "initialize" "description$new" "desc_desc_get" "pkg_name" "dev_topic_index" "dev_topic_path" "dev_topic_find" "?" 
"normalizePath" "get_start_path" "rprojroot::find_root" "find_description" "idesc_create_file" "idesc_create" "initialize" "description$new" "desc_desc_get" "pkg_name" "dev_topic_index" "dev_topic_path" "dev_topic_find" "?" 
"normalizePath" "get_start_path" "rprojroot::find_root" "find_description" "idesc_create_file" "idesc_create" "initialize" "description$new" "desc_desc_get" "pkg_name" "dev_topic_index" "dev_topic_path" "dev_topic_find" "?" 
"normalizePath" "get_start_path" "rprojroot::find_root" "find_description" "idesc_create_file" "idesc_create" "initialize" "description$new" "desc_desc_get" "pkg_name" "dev_topic_index" "dev_topic_path" "dev_topic_find" "?" 
"normalizePath" "get_start_path" "rprojroot::find_root" "find_description" "idesc_create_file" "idesc_create" "initialize" "description$new" "desc_desc_get" "pkg_name" "dev_topic_index" "dev_topic_path" "dev_topic_find" "?" 
"normalizePath" "get_start_path" "rprojroot::find_root" "find_description" "idesc_create_file" "idesc_create" "initialize" "description$new" "desc_desc_get" "pkg_name" "dev_topic_index" "dev_topic_path" "dev_topic_find" "?" 
"normalizePath" "get_start_path" "rprojroot::find_root" "find_description" "idesc_create_file" "idesc_create" "initialize" "description$new" "desc_desc_get" "pkg_name" "dev_topic_index" "dev_topic_path" "dev_topic_find" "?" 
"normalizePath" "get_start_path" "rprojroot::find_root" "find_description" "idesc_create_file" "idesc_create" "initialize" "description$new" "desc_desc_get" "pkg_name" "dev_topic_index" "dev_topic_path" "dev_topic_find" "?" 
"file.exists" "f" "rprojroot::find_root" "find_description" "idesc_create_file" "idesc_create" "initialize" "description$new" "desc_desc_get" "pkg_name" "dev_topic_index" "dev_topic_path" "dev_topic_find" "?" 
"file.exists" "f" "rprojroot::find_root" "find_description" "idesc_create_file" "idesc_create" "initialize" "description$new" "desc_desc_get" "pkg_name" "dev_topic_index" "dev_topic_path" "dev_topic_find" "?" 
"file.exists" "f" "rprojroot::find_root" "find_description" "idesc_create_file" "idesc_create" "initialize" "description$new" "desc_desc_get" "pkg_name" "dev_topic_index" "dev_topic_path" "dev_topic_find" "?" 
"file.exists" "f" "rprojroot::find_root" "find_description" "idesc_create_file" "idesc_create" "initialize" "description$new" "desc_desc_get" "pkg_name" "dev_topic_index" "dev_topic_path" "dev_topic_find" "?" 
"file" "readLines" "match_contents" "f" "rprojroot::find_root" "find_description" "idesc_create_file" "idesc_create" "initialize" "description$new" "desc_desc_get" "pkg_name" "dev_topic_index" "dev_topic_path" "dev_topic_find" "?" 
"file" "readLines" "match_contents" "f" "rprojroot::find_root" "find_description" "idesc_create_file" "idesc_create" "initialize" "description$new" "desc_desc_get" "pkg_name" "dev_topic_index" "dev_topic_path" "dev_topic_find" "?" 
"file" "readLines" "match_contents" "f" "rprojroot::find_root" "find_description" "idesc_create_file" "idesc_create" "initialize" "description$new" "desc_desc_get" "pkg_name" "dev_topic_index" "dev_topic_path" "dev_topic_find" "?" 
"file.exists" "is_existing_file" "...elt" "stopifnot" "idesc_create_file" "idesc_create" "initialize" "description$new" "desc_desc_get" "pkg_name" "dev_topic_index" "dev_topic_path" "dev_topic_find" "?" 
"file.exists" "is_existing_file" "...elt" "stopifnot" "idesc_create_file" "idesc_create" "initialize" "description$new" "desc_desc_get" "pkg_name" "dev_topic_index" "dev_topic_path" "dev_topic_find" "?" 
"file.exists" "is_existing_file" "...elt" "stopifnot" "idesc_create_file" "idesc_create" "initialize" "description$new" "desc_desc_get" "pkg_name" "dev_topic_index" "dev_topic_path" "dev_topic_find" "?" 
"file.exists" "is_existing_file" "...elt" "stopifnot" "idesc_create_file" "idesc_create" "initialize" "description$new" "desc_desc_get" "pkg_name" "dev_topic_index" "dev_topic_path" "dev_topic_find" "?" 
"file.exists" "is_existing_file" "...elt" "stopifnot" "idesc_create_file" "idesc_create" "initialize" "description$new" "desc_desc_get" "pkg_name" "dev_topic_index" "dev_topic_path" "dev_topic_find" "?" 
"file" "readBin" "is_zip_file" "is_package_archive" "idesc_create_file" "idesc_create" "initialize" "description$new" "desc_desc_get" "pkg_name" "dev_topic_index" "dev_topic_path" "dev_topic_find" "?" 
"file" "readBin" "is_zip_file" "is_package_archive" "idesc_create_file" "idesc_create" "initialize" "description$new" "desc_desc_get" "pkg_name" "dev_topic_index" "dev_topic_path" "dev_topic_find" "?" 
"file" "readBin" "is_zip_file" "is_package_archive" "idesc_create_file" "idesc_create" "initialize" "description$new" "desc_desc_get" "pkg_name" "dev_topic_index" "dev_topic_path" "dev_topic_find" "?" 
"file" "readBin" "is_zip_file" "is_package_archive" "idesc_create_file" "idesc_create" "initialize" "description$new" "desc_desc_get" "pkg_name" "dev_topic_index" "dev_topic_path" "dev_topic_find" "?" 
"file" "readBin" "is_zip_file" "is_package_archive" "idesc_create_file" "idesc_create" "initialize" "description$new" "desc_desc_get" "pkg_name" "dev_topic_index" "dev_topic_path" "dev_topic_find" "?" 
"file" "readBin" "is_gz_file" "is_tar_gz_file" "is_package_archive" "idesc_create_file" "idesc_create" "initialize" "description$new" "desc_desc_get" "pkg_name" "dev_topic_index" "dev_topic_path" "dev_topic_find" "?" 
"file" "readBin" "is_gz_file" "is_tar_gz_file" "is_package_archive" "idesc_create_file" "idesc_create" "initialize" "description$new" "desc_desc_get" "pkg_name" "dev_topic_index" "dev_topic_path" "dev_topic_find" "?" 
"file" "readBin" "is_gz_file" "is_tar_gz_file" "is_package_archive" "idesc_create_file" "idesc_create" "initialize" "description$new" "desc_desc_get" "pkg_name" "dev_topic_index" "dev_topic_path" "dev_topic_find" "?" 
"file" "readBin" "is_gz_file" "is_tar_gz_file" "is_package_archive" "idesc_create_file" "idesc_create" "initialize" "description$new" "desc_desc_get" "pkg_name" "dev_topic_index" "dev_topic_path" "dev_topic_find" "?" 
"normalizePath" "idesc_create_file" "idesc_create" "initialize" "description$new" "desc_desc_get" "pkg_name" "dev_topic_index" "dev_topic_path" "dev_topic_find" "?" 
"normalizePath" "idesc_create_file" "idesc_create" "initialize" "description$new" "desc_desc_get" "pkg_name" "dev_topic_index" "dev_topic_path" "dev_topic_find" "?" 
"normalizePath" "idesc_create_file" "idesc_create" "initialize" "description$new" "desc_desc_get" "pkg_name" "dev_topic_index" "dev_topic_path" "dev_topic_find" "?" 
"normalizePath" "idesc_create_file" "idesc_create" "initialize" "description$new" "desc_desc_get" "pkg_name" "dev_topic_index" "dev_topic_path" "dev_topic_find" "?" 
"normalizePath" "idesc_create_file" "idesc_create" "initialize" "description$new" "desc_desc_get" "pkg_name" "dev_topic_index" "dev_topic_path" "dev_topic_find" "?" 
"normalizePath" "idesc_create_file" "idesc_create" "initialize" "description$new" "desc_desc_get" "pkg_name" "dev_topic_index" "dev_topic_path" "dev_topic_find" "?" 
"normalizePath" "idesc_create_file" "idesc_create" "initialize" "description$new" "desc_desc_get" "pkg_name" "dev_topic_index" "dev_topic_path" "dev_topic_find" "?" 
"normalizePath" "idesc_create_file" "idesc_create" "initialize" "description$new" "desc_desc_get" "pkg_name" "dev_topic_index" "dev_topic_path" "dev_topic_find" "?" 
"normalizePath" "idesc_create_file" "idesc_create" "initialize" "description$new" "desc_desc_get" "pkg_name" "dev_topic_index" "dev_topic_path" "dev_topic_find" "?" 
"normalizePath" "idesc_create_file" "idesc_create" "initialize" "description$new" "desc_desc_get" "pkg_name" "dev_topic_index" "dev_topic_path" "dev_topic_find" "?" 
"normalizePath" "idesc_create_file" "idesc_create" "initialize" "description$new" "desc_desc_get" "pkg_name" "dev_topic_index" "dev_topic_path" "dev_topic_find" "?" 
"normalizePath" "idesc_create_file" "idesc_create" "initialize" "description$new" "desc_desc_get" "pkg_name" "dev_topic_index" "dev_topic_path" "dev_topic_find" "?" 
"normalizePath" "idesc_create_file" "idesc_create" "initialize" "description$new" "desc_desc_get" "pkg_name" "dev_topic_index" "dev_topic_path" "dev_topic_find" "?" 
"normalizePath" "idesc_create_file" "idesc_create" "initialize" "description$new" "desc_desc_get" "pkg_name" "dev_topic_index" "dev_topic_path" "dev_topic_find" "?" 
"normalizePath" "idesc_create_file" "idesc_create" "initialize" "description$new" "desc_desc_get" "pkg_name" "dev_topic_index" "dev_topic_path" "dev_topic_find" "?" 
"normalizePath" "idesc_create_file" "idesc_create" "initialize" "description$new" "desc_desc_get" "pkg_name" "dev_topic_index" "dev_topic_path" "dev_topic_find" "?" 
"normalizePath" "idesc_create_file" "idesc_create" "initialize" "description$new" "desc_desc_get" "pkg_name" "dev_topic_index" "dev_topic_path" "dev_topic_find" "?" 
"normalizePath" "idesc_create_file" "idesc_create" "initialize" "description$new" "desc_desc_get" "pkg_name" "dev_topic_index" "dev_topic_path" "dev_topic_find" "?" 
"normalizePath" "idesc_create_file" "idesc_create" "initialize" "description$new" "desc_desc_get" "pkg_name" "dev_topic_index" "dev_topic_path" "dev_topic_find" "?" 
"normalizePath" "idesc_create_file" "idesc_create" "initialize" "description$new" "desc_desc_get" "pkg_name" "dev_topic_index" "dev_topic_path" "dev_topic_find" "?" 
"normalizePath" "idesc_create_file" "idesc_create" "initialize" "description$new" "desc_desc_get" "pkg_name" "dev_topic_index" "dev_topic_path" "dev_topic_find" "?" 
"normalizePath" "idesc_create_file" "idesc_create" "initialize" "description$new" "desc_desc_get" "pkg_name" "dev_topic_index" "dev_topic_path" "dev_topic_find" "?" 
"normalizePath" "idesc_create_file" "idesc_create" "initialize" "description$new" "desc_desc_get" "pkg_name" "dev_topic_index" "dev_topic_path" "dev_topic_find" "?" 
"normalizePath" "idesc_create_file" "idesc_create" "initialize" "description$new" "desc_desc_get" "pkg_name" "dev_topic_index" "dev_topic_path" "dev_topic_find" "?" 
"normalizePath" "idesc_create_file" "idesc_create" "initialize" "description$new" "desc_desc_get" "pkg_name" "dev_topic_index" "dev_topic_path" "dev_topic_find" "?" 
"normalizePath" "idesc_create_file" "idesc_create" "initialize" "description$new" "desc_desc_get" "pkg_name" "dev_topic_index" "dev_topic_path" "dev_topic_find" "?" 
"normalizePath" "idesc_create_file" "idesc_create" "initialize" "description$new" "desc_desc_get" "pkg_name" "dev_topic_index" "dev_topic_path" "dev_topic_find" "?" 
"file" "readLines" "doTryCatch" "tryCatchOne" "tryCatchList" "tryCatch" "idesc_create_file" "idesc_create" "initialize" "description$new" "desc_desc_get" "pkg_name" "dev_topic_index" "dev_topic_path" "dev_topic_find" "?" 
"file" "readLines" "doTryCatch" "tryCatchOne" "tryCatchList" "tryCatch" "idesc_create_file" "idesc_create" "initialize" "description$new" "desc_desc_get" "pkg_name" "dev_topic_index" "dev_topic_path" "dev_topic_find" "?" 
"file" "readLines" "doTryCatch" "tryCatchOne" "tryCatchList" "tryCatch" "idesc_create_file" "idesc_create" "initialize" "description$new" "desc_desc_get" "pkg_name" "dev_topic_index" "dev_topic_path" "dev_topic_find" "?" 
"normalizePath" "get_start_path" "find_root" "find_root_file" "rprojroot_find_package_root_file" "doTryCatch" "tryCatchOne" "tryCatchList" "tryCatch" "pkg_path" "idesc_create" "initialize" "description$new" "desc_desc_get" "pkg_name" "exists" "dev_topic_index" "dev_topic_path" "dev_topic_find" "?" 
"normalizePath" "get_start_path" "find_root" "find_root_file" "rprojroot_find_package_root_file" "doTryCatch" "tryCatchOne" "tryCatchList" "tryCatch" "pkg_path" "idesc_create" "initialize" "description$new" "desc_desc_get" "pkg_name" "exists" "dev_topic_index" "dev_topic_path" "dev_topic_find" "?" 
"normalizePath" "get_start_path" "find_root" "find_root_file" "rprojroot_find_package_root_file" "doTryCatch" "tryCatchOne" "tryCatchList" "tryCatch" "pkg_path" "idesc_create" "initialize" "description$new" "desc_desc_get" "pkg_name" "exists" "dev_topic_index" "dev_topic_path" "dev_topic_find" "?" 
"normalizePath" "get_start_path" "find_root" "find_root_file" "rprojroot_find_package_root_file" "doTryCatch" "tryCatchOne" "tryCatchList" "tryCatch" "pkg_path" "idesc_create" "initialize" "description$new" "desc_desc_get" "pkg_name" "exists" "dev_topic_index" "dev_topic_path" "dev_topic_find" "?" 
"normalizePath" "get_start_path" "find_root" "find_root_file" "rprojroot_find_package_root_file" "doTryCatch" "tryCatchOne" "tryCatchList" "tryCatch" "pkg_path" "idesc_create" "initialize" "description$new" "desc_desc_get" "pkg_name" "exists" "dev_topic_index" "dev_topic_path" "dev_topic_find" "?" 
"normalizePath" "get_start_path" "find_root" "find_root_file" "rprojroot_find_package_root_file" "doTryCatch" "tryCatchOne" "tryCatchList" "tryCatch" "pkg_path" "idesc_create" "initialize" "description$new" "desc_desc_get" "pkg_name" "exists" "dev_topic_index" "dev_topic_path" "dev_topic_find" "?" 
"file.exists" "f" "find_root" "find_root_file" "rprojroot_find_package_root_file" "doTryCatch" "tryCatchOne" "tryCatchList" "tryCatch" "pkg_path" "idesc_create" "initialize" "description$new" "desc_desc_get" "pkg_name" "exists" "dev_topic_index" "dev_topic_path" "dev_topic_find" "?" 
"file.exists" "f" "find_root" "find_root_file" "rprojroot_find_package_root_file" "doTryCatch" "tryCatchOne" "tryCatchList" "tryCatch" "pkg_path" "idesc_create" "initialize" "description$new" "desc_desc_get" "pkg_name" "exists" "dev_topic_index" "dev_topic_path" "dev_topic_find" "?" 
"file.exists" "f" "find_root" "find_root_file" "rprojroot_find_package_root_file" "doTryCatch" "tryCatchOne" "tryCatchList" "tryCatch" "pkg_path" "idesc_create" "initialize" "description$new" "desc_desc_get" "pkg_name" "exists" "dev_topic_index" "dev_topic_path" "dev_topic_find" "?" 
"file" "readLines" "match_contents" "f" "find_root" "find_root_file" "rprojroot_find_package_root_file" "doTryCatch" "tryCatchOne" "tryCatchList" "tryCatch" "pkg_path" "idesc_create" "initialize" "description$new" "desc_desc_get" "pkg_name" "exists" "dev_topic_index" "dev_topic_path" "dev_topic_find" "?" 
"file" "readLines" "match_contents" "f" "find_root" "find_root_file" "rprojroot_find_package_root_file" "doTryCatch" "tryCatchOne" "tryCatchList" "tryCatch" "pkg_path" "idesc_create" "initialize" "description$new" "desc_desc_get" "pkg_name" "exists" "dev_topic_index" "dev_topic_path" "dev_topic_find" "?" 
"normalizePath" "get_start_path" "rprojroot::find_root" "find_description" "idesc_create_file" "idesc_create" "initialize" "description$new" "desc_desc_get" "pkg_name" "exists" "dev_topic_index" "dev_topic_path" "dev_topic_find" "?" 
"normalizePath" "get_start_path" "rprojroot::find_root" "find_description" "idesc_create_file" "idesc_create" "initialize" "description$new" "desc_desc_get" "pkg_name" "exists" "dev_topic_index" "dev_topic_path" "dev_topic_find" "?" 
"normalizePath" "get_start_path" "rprojroot::find_root" "find_description" "idesc_create_file" "idesc_create" "initialize" "description$new" "desc_desc_get" "pkg_name" "exists" "dev_topic_index" "dev_topic_path" "dev_topic_find" "?" 
"normalizePath" "get_start_path" "rprojroot::find_root" "find_description" "idesc_create_file" "idesc_create" "initialize" "description$new" "desc_desc_get" "pkg_name" "exists" "dev_topic_index" "dev_topic_path" "dev_topic_find" "?" 
"normalizePath" "get_start_path" "rprojroot::find_root" "find_description" "idesc_create_file" "idesc_create" "initialize" "description$new" "desc_desc_get" "pkg_name" "exists" "dev_topic_index" "dev_topic_path" "dev_topic_find" "?" 
"normalizePath" "get_start_path" "rprojroot::find_root" "find_description" "idesc_create_file" "idesc_create" "initialize" "description$new" "desc_desc_get" "pkg_name" "exists" "dev_topic_index" "dev_topic_path" "dev_topic_find" "?" 
"file.exists" "f" "rprojroot::find_root" "find_description" "idesc_create_file" "idesc_create" "initialize" "description$new" "desc_desc_get" "pkg_name" "exists" "dev_topic_index" "dev_topic_path" "dev_topic_find" "?" 
"file.exists" "f" "rprojroot::find_root" "find_description" "idesc_create_file" "idesc_create" "initialize" "description$new" "desc_desc_get" "pkg_name" "exists" "dev_topic_index" "dev_topic_path" "dev_topic_find" "?" 
"file" "readLines" "match_contents" "f" "rprojroot::find_root" "find_description" "idesc_create_file" "idesc_create" "initialize" "description$new" "desc_desc_get" "pkg_name" "exists" "dev_topic_index" "dev_topic_path" "dev_topic_find" "?" 
"file" "readLines" "match_contents" "f" "rprojroot::find_root" "find_description" "idesc_create_file" "idesc_create" "initialize" "description$new" "desc_desc_get" "pkg_name" "exists" "dev_topic_index" "dev_topic_path" "dev_topic_find" "?" 
"file" "readLines" "match_contents" "f" "rprojroot::find_root" "find_description" "idesc_create_file" "idesc_create" "initialize" "description$new" "desc_desc_get" "pkg_name" "exists" "dev_topic_index" "dev_topic_path" "dev_topic_find" "?" 
"file" "readLines" "match_contents" "f" "rprojroot::find_root" "find_description" "idesc_create_file" "idesc_create" "initialize" "description$new" "desc_desc_get" "pkg_name" "exists" "dev_topic_index" "dev_topic_path" "dev_topic_find" "?" 
"file" "readBin" "is_zip_file" "is_package_archive" "idesc_create_file" "idesc_create" "initialize" "description$new" "desc_desc_get" "pkg_name" "exists" "dev_topic_index" "dev_topic_path" "dev_topic_find" "?" 
"file" "readBin" "is_zip_file" "is_package_archive" "idesc_create_file" "idesc_create" "initialize" "description$new" "desc_desc_get" "pkg_name" "exists" "dev_topic_index" "dev_topic_path" "dev_topic_find" "?" 
"file" "readBin" "is_zip_file" "is_package_archive" "idesc_create_file" "idesc_create" "initialize" "description$new" "desc_desc_get" "pkg_name" "exists" "dev_topic_index" "dev_topic_path" "dev_topic_find" "?" 
"file" "readBin" "is_gz_file" "is_tar_gz_file" "is_package_archive" "idesc_create_file" "idesc_create" "initialize" "description$new" "desc_desc_get" "pkg_name" "exists" "dev_topic_index" "dev_topic_path" "dev_topic_find" "?" 
"file" "readBin" "is_gz_file" "is_tar_gz_file" "is_package_archive" "idesc_create_file" "idesc_create" "initialize" "description$new" "desc_desc_get" "pkg_name" "exists" "dev_topic_index" "dev_topic_path" "dev_topic_find" "?" 
"normalizePath" "idesc_create_file" "idesc_create" "initialize" "description$new" "desc_desc_get" "pkg_name" "exists" "dev_topic_index" "dev_topic_path" "dev_topic_find" "?" 
"normalizePath" "idesc_create_file" "idesc_create" "initialize" "description$new" "desc_desc_get" "pkg_name" "exists" "dev_topic_index" "dev_topic_path" "dev_topic_find" "?" 
"normalizePath" "idesc_create_file" "idesc_create" "initialize" "description$new" "desc_desc_get" "pkg_name" "exists" "dev_topic_index" "dev_topic_path" "dev_topic_find" "?" 
"normalizePath" "idesc_create_file" "idesc_create" "initialize" "description$new" "desc_desc_get" "pkg_name" "exists" "dev_topic_index" "dev_topic_path" "dev_topic_find" "?" 
"normalizePath" "idesc_create_file" "idesc_create" "initialize" "description$new" "desc_desc_get" "pkg_name" "exists" "dev_topic_index" "dev_topic_path" "dev_topic_find" "?" 
"normalizePath" "idesc_create_file" "idesc_create" "initialize" "description$new" "desc_desc_get" "pkg_name" "exists" "dev_topic_index" "dev_topic_path" "dev_topic_find" "?" 
"normalizePath" "idesc_create_file" "idesc_create" "initialize" "description$new" "desc_desc_get" "pkg_name" "exists" "dev_topic_index" "dev_topic_path" "dev_topic_find" "?" 
"file" "readLines" "doTryCatch" "tryCatchOne" "tryCatchList" "tryCatch" "idesc_create_file" "idesc_create" "initialize" "description$new" "desc_desc_get" "pkg_name" "exists" "dev_topic_index" "dev_topic_path" "dev_topic_find" "?" 
"file" "readLines" "doTryCatch" "tryCatchOne" "tryCatchList" "tryCatch" "idesc_create_file" "idesc_create" "initialize" "description$new" "desc_desc_get" "pkg_name" "exists" "dev_topic_index" "dev_topic_path" "dev_topic_find" "?" 
"file" "readLines" "doTryCatch" "tryCatchOne" "tryCatchList" "tryCatch" "idesc_create_file" "idesc_create" "initialize" "description$new" "desc_desc_get" "pkg_name" "exists" "dev_topic_index" "dev_topic_path" "dev_topic_find" "?" 
"file" "readLines" "doTryCatch" "tryCatchOne" "tryCatchList" "tryCatch" "idesc_create_file" "idesc_create" "initialize" "description$new" "desc_desc_get" "pkg_name" "exists" "dev_topic_index" "dev_topic_path" "dev_topic_find" "?" 
"file" "readLines" "doTryCatch" "tryCatchOne" "tryCatchList" "tryCatch" "idesc_create_file" "idesc_create" "initialize" "description$new" "desc_desc_get" "pkg_name" "exists" "dev_topic_index" "dev_topic_path" "dev_topic_find" "?" 
"normalizePath" "get_start_path" "find_root" "find_root_file" "rprojroot_find_package_root_file" "doTryCatch" "tryCatchOne" "tryCatchList" "tryCatch" "pkg_path" "build_topic_index" "dev_topic_index" "dev_topic_path" "dev_topic_find" "?" 
"normalizePath" "get_start_path" "find_root" "find_root_file" "rprojroot_find_package_root_file" "doTryCatch" "tryCatchOne" "tryCatchList" "tryCatch" "pkg_path" "build_topic_index" "dev_topic_index" "dev_topic_path" "dev_topic_find" "?" 
"normalizePath" "get_start_path" "find_root" "find_root_file" "rprojroot_find_package_root_file" "doTryCatch" "tryCatchOne" "tryCatchList" "tryCatch" "pkg_path" "build_topic_index" "dev_topic_index" "dev_topic_path" "dev_topic_find" "?" 
"normalizePath" "get_start_path" "find_root" "find_root_file" "rprojroot_find_package_root_file" "doTryCatch" "tryCatchOne" "tryCatchList" "tryCatch" "pkg_path" "build_topic_index" "dev_topic_index" "dev_topic_path" "dev_topic_find" "?" 
"normalizePath" "get_start_path" "find_root" "find_root_file" "rprojroot_find_package_root_file" "doTryCatch" "tryCatchOne" "tryCatchList" "tryCatch" "pkg_path" "build_topic_index" "dev_topic_index" "dev_topic_path" "dev_topic_find" "?" 
"normalizePath" "get_start_path" "find_root" "find_root_file" "rprojroot_find_package_root_file" "doTryCatch" "tryCatchOne" "tryCatchList" "tryCatch" "pkg_path" "build_topic_index" "dev_topic_index" "dev_topic_path" "dev_topic_find" "?" 
"normalizePath" "get_start_path" "find_root" "find_root_file" "rprojroot_find_package_root_file" "doTryCatch" "tryCatchOne" "tryCatchList" "tryCatch" "pkg_path" "build_topic_index" "dev_topic_index" "dev_topic_path" "dev_topic_find" "?" 
"normalizePath" "get_start_path" "find_root" "find_root_file" "rprojroot_find_package_root_file" "doTryCatch" "tryCatchOne" "tryCatchList" "tryCatch" "pkg_path" "build_topic_index" "dev_topic_index" "dev_topic_path" "dev_topic_find" "?" 
"normalizePath" "get_start_path" "find_root" "find_root_file" "rprojroot_find_package_root_file" "doTryCatch" "tryCatchOne" "tryCatchList" "tryCatch" "pkg_path" "build_topic_index" "dev_topic_index" "dev_topic_path" "dev_topic_find" "?" 
"normalizePath" "get_start_path" "find_root" "find_root_file" "rprojroot_find_package_root_file" "doTryCatch" "tryCatchOne" "tryCatchList" "tryCatch" "pkg_path" "build_topic_index" "dev_topic_index" "dev_topic_path" "dev_topic_find" "?" 
"normalizePath" "get_start_path" "find_root" "find_root_file" "rprojroot_find_package_root_file" "doTryCatch" "tryCatchOne" "tryCatchList" "tryCatch" "pkg_path" "build_topic_index" "dev_topic_index" "dev_topic_path" "dev_topic_find" "?" 
"normalizePath" "get_start_path" "find_root" "find_root_file" "rprojroot_find_package_root_file" "doTryCatch" "tryCatchOne" "tryCatchList" "tryCatch" "pkg_path" "build_topic_index" "dev_topic_index" "dev_topic_path" "dev_topic_find" "?" 
"file.exists" "f" "find_root" "find_root_file" "rprojroot_find_package_root_file" "doTryCatch" "tryCatchOne" "tryCatchList" "tryCatch" "pkg_path" "build_topic_index" "dev_topic_index" "dev_topic_path" "dev_topic_find" "?" 
"file.exists" "f" "find_root" "find_root_file" "rprojroot_find_package_root_file" "doTryCatch" "tryCatchOne" "tryCatchList" "tryCatch" "pkg_path" "build_topic_index" "dev_topic_index" "dev_topic_path" "dev_topic_find" "?" 
"file.exists" "f" "find_root" "find_root_file" "rprojroot_find_package_root_file" "doTryCatch" "tryCatchOne" "tryCatchList" "tryCatch" "pkg_path" "build_topic_index" "dev_topic_index" "dev_topic_path" "dev_topic_find" "?" 
"file.exists" "f" "find_root" "find_root_file" "rprojroot_find_package_root_file" "doTryCatch" "tryCatchOne" "tryCatchList" "tryCatch" "pkg_path" "build_topic_index" "dev_topic_index" "dev_topic_path" "dev_topic_find" "?" 
"file" "readLines" "match_contents" "f" "find_root" "find_root_file" "rprojroot_find_package_root_file" "doTryCatch" "tryCatchOne" "tryCatchList" "tryCatch" "pkg_path" "build_topic_index" "dev_topic_index" "dev_topic_path" "dev_topic_find" "?" 
"file" "readLines" "match_contents" "f" "find_root" "find_root_file" "rprojroot_find_package_root_file" "doTryCatch" "tryCatchOne" "tryCatchList" "tryCatch" "pkg_path" "build_topic_index" "dev_topic_index" "dev_topic_path" "dev_topic_find" "?" 
"file" "readLines" "match_contents" "f" "find_root" "find_root_file" "rprojroot_find_package_root_file" "doTryCatch" "tryCatchOne" "tryCatchList" "tryCatch" "pkg_path" "build_topic_index" "dev_topic_index" "dev_topic_path" "dev_topic_find" "?" 
"file" "readLines" "match_contents" "f" "find_root" "find_root_file" "rprojroot_find_package_root_file" "doTryCatch" "tryCatchOne" "tryCatchList" "tryCatch" "pkg_path" "build_topic_index" "dev_topic_index" "dev_topic_path" "dev_topic_find" "?" 
"file" "readLines" "match_contents" "f" "find_root" "find_root_file" "rprojroot_find_package_root_file" "doTryCatch" "tryCatchOne" "tryCatchList" "tryCatch" "pkg_path" "build_topic_index" "dev_topic_index" "dev_topic_path" "dev_topic_find" "?" 
"grepl" "loadRdMacros" "initialRdMacros" "tools::loadPkgRdMacros" "load_rd_macros" "build_topic_index" "dev_topic_index" "dev_topic_path" "dev_topic_find" "?" 
"list.files" "tools::loadPkgRdMacros" "load_rd_macros" "build_topic_index" "dev_topic_index" "dev_topic_path" "dev_topic_find" "?" 
"list.files" "tools::loadPkgRdMacros" "load_rd_macros" "build_topic_index" "dev_topic_index" "dev_topic_path" "dev_topic_find" "?" 
"normalizePath" "get_start_path" "find_root" "find_root_file" "rprojroot_find_package_root_file" "doTryCatch" "tryCatchOne" "tryCatchList" "tryCatch" "pkg_path" "rd_files" "build_topic_index" "dev_topic_index" "dev_topic_path" "dev_topic_find" "?" 
"normalizePath" "get_start_path" "find_root" "find_root_file" "rprojroot_find_package_root_file" "doTryCatch" "tryCatchOne" "tryCatchList" "tryCatch" "pkg_path" "rd_files" "build_topic_index" "dev_topic_index" "dev_topic_path" "dev_topic_find" "?" 
"normalizePath" "get_start_path" "find_root" "find_root_file" "rprojroot_find_package_root_file" "doTryCatch" "tryCatchOne" "tryCatchList" "tryCatch" "pkg_path" "rd_files" "build_topic_index" "dev_topic_index" "dev_topic_path" "dev_topic_find" "?" 
"normalizePath" "get_start_path" "find_root" "find_root_file" "rprojroot_find_package_root_file" "doTryCatch" "tryCatchOne" "tryCatchList" "tryCatch" "pkg_path" "rd_files" "build_topic_index" "dev_topic_index" "dev_topic_path" "dev_topic_find" "?" 
"normalizePath" "get_start_path" "find_root" "find_root_file" "rprojroot_find_package_root_file" "doTryCatch" "tryCatchOne" "tryCatchList" "tryCatch" "pkg_path" "rd_files" "build_topic_index" "dev_topic_index" "dev_topic_path" "dev_topic_find" "?" 
"normalizePath" "get_start_path" "find_root" "find_root_file" "rprojroot_find_package_root_file" "doTryCatch" "tryCatchOne" "tryCatchList" "tryCatch" "pkg_path" "rd_files" "build_topic_index" "dev_topic_index" "dev_topic_path" "dev_topic_find" "?" 
"normalizePath" "get_start_path" "find_root" "find_root_file" "rprojroot_find_package_root_file" "doTryCatch" "tryCatchOne" "tryCatchList" "tryCatch" "pkg_path" "rd_files" "build_topic_index" "dev_topic_index" "dev_topic_path" "dev_topic_find" "?" 
"file.exists" "f" "find_root" "find_root_file" "rprojroot_find_package_root_file" "doTryCatch" "tryCatchOne" "tryCatchList" "tryCatch" "pkg_path" "rd_files" "build_topic_index" "dev_topic_index" "dev_topic_path" "dev_topic_find" "?" 
"file.exists" "f" "find_root" "find_root_file" "rprojroot_find_package_root_file" "doTryCatch" "tryCatchOne" "tryCatchList" "tryCatch" "pkg_path" "rd_files" "build_topic_index" "dev_topic_index" "dev_topic_path" "dev_topic_find" "?" 
"file.exists" "f" "find_root" "find_root_file" "rprojroot_find_package_root_file" "doTryCatch" "tryCatchOne" "tryCatchList" "tryCatch" "pkg_path" "rd_files" "build_topic_index" "dev_topic_index" "dev_topic_path" "dev_topic_find" "?" 
"file" "readLines" "match_contents" "f" "find_root" "find_root_file" "rprojroot_find_package_root_file" "doTryCatch" "tryCatchOne" "tryCatchList" "tryCatch" "pkg_path" "rd_files" "build_topic_index" "dev_topic_index" "dev_topic_path" "dev_topic_find" "?" 
"file" "readLines" "match_contents" "f" "find_root" "find_root_file" "rprojroot_find_package_root_file" "doTryCatch" "tryCatchOne" "tryCatchList" "tryCatch" "pkg_path" "rd_files" "build_topic_index" "dev_topic_index" "dev_topic_path" "dev_topic_find" "?" 
"file" "readLines" "match_contents" "f" "find_root" "find_root_file" "rprojroot_find_package_root_file" "doTryCatch" "tryCatchOne" "tryCatchList" "tryCatch" "pkg_path" "rd_files" "build_topic_index" "dev_topic_index" "dev_topic_path" "dev_topic_find" "?" 
"normalizePath" "get_start_path" "find_root" "find_root_file" "rprojroot_find_package_root_file" "doTryCatch" "tryCatchOne" "tryCatchList" "tryCatch" "pkg_path" "file.path" "package_file" "rd_files" "build_topic_index" "dev_topic_index" "dev_topic_path" "dev_topic_find" "?" 
"normalizePath" "get_start_path" "find_root" "find_root_file" "rprojroot_find_package_root_file" "doTryCatch" "tryCatchOne" "tryCatchList" "tryCatch" "pkg_path" "file.path" "package_file" "rd_files" "build_topic_index" "dev_topic_index" "dev_topic_path" "dev_topic_find" "?" 
"normalizePath" "get_start_path" "find_root" "find_root_file" "rprojroot_find_package_root_file" "doTryCatch" "tryCatchOne" "tryCatchList" "tryCatch" "pkg_path" "file.path" "package_file" "rd_files" "build_topic_index" "dev_topic_index" "dev_topic_path" "dev_topic_find" "?" 
"normalizePath" "get_start_path" "find_root" "find_root_file" "rprojroot_find_package_root_file" "doTryCatch" "tryCatchOne" "tryCatchList" "tryCatch" "pkg_path" "file.path" "package_file" "rd_files" "build_topic_index" "dev_topic_index" "dev_topic_path" "dev_topic_find" "?" 
"normalizePath" "get_start_path" "find_root" "find_root_file" "rprojroot_find_package_root_file" "doTryCatch" "tryCatchOne" "tryCatchList" "tryCatch" "pkg_path" "file.path" "package_file" "rd_files" "build_topic_index" "dev_topic_index" "dev_topic_path" "dev_topic_find" "?" 
"normalizePath" "get_start_path" "find_root" "find_root_file" "rprojroot_find_package_root_file" "doTryCatch" "tryCatchOne" "tryCatchList" "tryCatch" "pkg_path" "file.path" "package_file" "rd_files" "build_topic_index" "dev_topic_index" "dev_topic_path" "dev_topic_find" "?" 
"normalizePath" "get_start_path" "find_root" "find_root_file" "rprojroot_find_package_root_file" "doTryCatch" "tryCatchOne" "tryCatchList" "tryCatch" "pkg_path" "file.path" "package_file" "rd_files" "build_topic_index" "dev_topic_index" "dev_topic_path" "dev_topic_find" "?" 
"normalizePath" "get_start_path" "find_root" "find_root_file" "rprojroot_find_package_root_file" "doTryCatch" "tryCatchOne" "tryCatchList" "tryCatch" "pkg_path" "file.path" "package_file" "rd_files" "build_topic_index" "dev_topic_index" "dev_topic_path" "dev_topic_find" "?" 
"normalizePath" "get_start_path" "find_root" "find_root_file" "rprojroot_find_package_root_file" "doTryCatch" "tryCatchOne" "tryCatchList" "tryCatch" "pkg_path" "file.path" "package_file" "rd_files" "build_topic_index" "dev_topic_index" "dev_topic_path" "dev_topic_find" "?" 
"file.exists" "f" "find_root" "find_root_file" "rprojroot_find_package_root_file" "doTryCatch" "tryCatchOne" "tryCatchList" "tryCatch" "pkg_path" "file.path" "package_file" "rd_files" "build_topic_index" "dev_topic_index" "dev_topic_path" "dev_topic_find" "?" 
"file.exists" "f" "find_root" "find_root_file" "rprojroot_find_package_root_file" "doTryCatch" "tryCatchOne" "tryCatchList" "tryCatch" "pkg_path" "file.path" "package_file" "rd_files" "build_topic_index" "dev_topic_index" "dev_topic_path" "dev_topic_find" "?" 
"file.exists" "f" "find_root" "find_root_file" "rprojroot_find_package_root_file" "doTryCatch" "tryCatchOne" "tryCatchList" "tryCatch" "pkg_path" "file.path" "package_file" "rd_files" "build_topic_index" "dev_topic_index" "dev_topic_path" "dev_topic_find" "?" 
"file" "readLines" "match_contents" "f" "find_root" "find_root_file" "rprojroot_find_package_root_file" "doTryCatch" "tryCatchOne" "tryCatchList" "tryCatch" "pkg_path" "file.path" "package_file" "rd_files" "build_topic_index" "dev_topic_index" "dev_topic_path" "dev_topic_find" "?" 
"file" "readLines" "match_contents" "f" "find_root" "find_root_file" "rprojroot_find_package_root_file" "doTryCatch" "tryCatchOne" "tryCatchList" "tryCatch" "pkg_path" "file.path" "package_file" "rd_files" "build_topic_index" "dev_topic_index" "dev_topic_path" "dev_topic_find" "?" 
"file" "readLines" "match_contents" "f" "find_root" "find_root_file" "rprojroot_find_package_root_file" "doTryCatch" "tryCatchOne" "tryCatchList" "tryCatch" "pkg_path" "file.path" "package_file" "rd_files" "build_topic_index" "dev_topic_index" "dev_topic_path" "dev_topic_find" "?" 
"file" "readLines" "match_contents" "f" "find_root" "find_root_file" "rprojroot_find_package_root_file" "doTryCatch" "tryCatchOne" "tryCatchList" "tryCatch" "pkg_path" "file.path" "package_file" "rd_files" "build_topic_index" "dev_topic_index" "dev_topic_path" "dev_topic_find" "?" 
"dir" "rd_files" "build_topic_index" "dev_topic_index" "dev_topic_path" "dev_topic_find" "?" 
"dir" "rd_files" "build_topic_index" "dev_topic_index" "dev_topic_path" "dev_topic_find" "?" 
"dir" "rd_files" "build_topic_index" "dev_topic_index" "dev_topic_path" "dev_topic_find" "?" 
"dir" "rd_files" "build_topic_index" "dev_topic_index" "dev_topic_path" "dev_topic_find" "?" 
"file" "readLines" "tools::parse_Rd" "FUN" "lapply" "invert" "build_topic_index" "dev_topic_index" "dev_topic_path" "dev_topic_find" "?" 
"file" "readLines" "tools::parse_Rd" "FUN" "lapply" "invert" "build_topic_index" "dev_topic_index" "dev_topic_path" "dev_topic_find" "?" 
"file" "readLines" "tools::parse_Rd" "FUN" "lapply" "invert" "build_topic_index" "dev_topic_index" "dev_topic_path" "dev_topic_find" "?" 
"file" "readLines" "tools::parse_Rd" "FUN" "lapply" "invert" "build_topic_index" "dev_topic_index" "dev_topic_path" "dev_topic_find" "?" 
"file" "readLines" "tools::parse_Rd" "FUN" "lapply" "invert" "build_topic_index" "dev_topic_index" "dev_topic_path" "dev_topic_find" "?" 
"file" "readLines" "tools::parse_Rd" "FUN" "lapply" "invert" "build_topic_index" "dev_topic_index" "dev_topic_path" "dev_topic_find" "?" 
"file" "readLines" "tools::parse_Rd" "FUN" "lapply" "invert" "build_topic_index" "dev_topic_index" "dev_topic_path" "dev_topic_find" "?" 
"file" "readLines" "tools::parse_Rd" "FUN" "lapply" "invert" "build_topic_index" "dev_topic_index" "dev_topic_path" "dev_topic_find" "?" 
"file" "readLines" "tools::parse_Rd" "FUN" "lapply" "invert" "build_topic_index" "dev_topic_index" "dev_topic_path" "dev_topic_find" "?" 
"file" "readLines" "tools::parse_Rd" "FUN" "lapply" "invert" "build_topic_index" "dev_topic_index" "dev_topic_path" "dev_topic_find" "?" 
"file" "readLines" "tools::parse_Rd" "FUN" "lapply" "invert" "build_topic_index" "dev_topic_index" "dev_topic_path" "dev_topic_find" "?" 
"file" "readLines" "tools::parse_Rd" "FUN" "lapply" "invert" "build_topic_index" "dev_topic_index" "dev_topic_path" "dev_topic_find" "?" 
"file" "readLines" "tools::parse_Rd" "FUN" "lapply" "invert" "build_topic_index" "dev_topic_index" "dev_topic_path" "dev_topic_find" "?" 
"file" "readLines" "tools::parse_Rd" "FUN" "lapply" "invert" "build_topic_index" "dev_topic_index" "dev_topic_path" "dev_topic_find" "?" 
"file" "readLines" "tools::parse_Rd" "FUN" "lapply" "invert" "build_topic_index" "dev_topic_index" "dev_topic_path" "dev_topic_find" "?" 
"file" "readLines" "tools::parse_Rd" "FUN" "lapply" "invert" "build_topic_index" "dev_topic_index" "dev_topic_path" "dev_topic_find" "?" 
"file" "readLines" "tools::parse_Rd" "FUN" "lapply" "invert" "build_topic_index" "dev_topic_index" "dev_topic_path" "dev_topic_find" "?" 
"file" "readLines" "tools::parse_Rd" "FUN" "lapply" "invert" "build_topic_index" "dev_topic_index" "dev_topic_path" "dev_topic_find" "?" 
"file" "readLines" "tools::parse_Rd" "FUN" "lapply" "invert" "build_topic_index" "dev_topic_index" "dev_topic_path" "dev_topic_find" "?" 
"file" "readLines" "tools::parse_Rd" "FUN" "lapply" "invert" "build_topic_index" "dev_topic_index" "dev_topic_path" "dev_topic_find" "?" 
"file" "readLines" "tools::parse_Rd" "FUN" "lapply" "invert" "build_topic_index" "dev_topic_index" "dev_topic_path" "dev_topic_find" "?" 
"file" "readLines" "tools::parse_Rd" "FUN" "lapply" "invert" "build_topic_index" "dev_topic_index" "dev_topic_path" "dev_topic_find" "?" 
"file.info" "file.mtime" "srcfile" "tools::parse_Rd" "FUN" "lapply" "invert" "build_topic_index" "dev_topic_index" "dev_topic_path" "dev_topic_find" "?" 
"file" "readLines" "tools::parse_Rd" "FUN" "lapply" "invert" "build_topic_index" "dev_topic_index" "dev_topic_path" "dev_topic_find" "?" 
"file" "readLines" "tools::parse_Rd" "FUN" "lapply" "invert" "build_topic_index" "dev_topic_index" "dev_topic_path" "dev_topic_find" "?" 
"file" "readLines" "tools::parse_Rd" "FUN" "lapply" "invert" "build_topic_index" "dev_topic_index" "dev_topic_path" "dev_topic_find" "?" 
"file" "readLines" "tools::parse_Rd" "FUN" "lapply" "invert" "build_topic_index" "dev_topic_index" "dev_topic_path" "dev_topic_find" "?" 
"file" "readLines" "tools::parse_Rd" "FUN" "lapply" "invert" "build_topic_index" "dev_topic_index" "dev_topic_path" "dev_topic_find" "?" 
"file" "readLines" "tools::parse_Rd" "FUN" "lapply" "invert" "build_topic_index" "dev_topic_index" "dev_topic_path" "dev_topic_find" "?" 
"file" "readLines" "tools::parse_Rd" "FUN" "lapply" "invert" "build_topic_index" "dev_topic_index" "dev_topic_path" "dev_topic_find" "?" 
"file" "readLines" "tools::parse_Rd" "FUN" "lapply" "invert" "build_topic_index" "dev_topic_index" "dev_topic_path" "dev_topic_find" "?" 
"file" "readLines" "tools::parse_Rd" "FUN" "lapply" "invert" "build_topic_index" "dev_topic_index" "dev_topic_path" "dev_topic_find" "?" 
"normalizePath" "get_start_path" "find_root" "find_root_file" "rprojroot_find_package_root_file" "doTryCatch" "tryCatchOne" "tryCatchList" "tryCatch" "pkg_path" "file.path" "package_file" "dev_topic_path" "dev_topic_find" "?" 
"normalizePath" "get_start_path" "find_root" "find_root_file" "rprojroot_find_package_root_file" "doTryCatch" "tryCatchOne" "tryCatchList" "tryCatch" "pkg_path" "file.path" "package_file" "dev_topic_path" "dev_topic_find" "?" 
"normalizePath" "get_start_path" "find_root" "find_root_file" "rprojroot_find_package_root_file" "doTryCatch" "tryCatchOne" "tryCatchList" "tryCatch" "pkg_path" "file.path" "package_file" "dev_topic_path" "dev_topic_find" "?" 
"normalizePath" "get_start_path" "find_root" "find_root_file" "rprojroot_find_package_root_file" "doTryCatch" "tryCatchOne" "tryCatchList" "tryCatch" "pkg_path" "file.path" "package_file" "dev_topic_path" "dev_topic_find" "?" 
"normalizePath" "get_start_path" "find_root" "find_root_file" "rprojroot_find_package_root_file" "doTryCatch" "tryCatchOne" "tryCatchList" "tryCatch" "pkg_path" "file.path" "package_file" "dev_topic_path" "dev_topic_find" "?" 
"normalizePath" "get_start_path" "find_root" "find_root_file" "rprojroot_find_package_root_file" "doTryCatch" "tryCatchOne" "tryCatchList" "tryCatch" "pkg_path" "file.path" "package_file" "dev_topic_path" "dev_topic_find" "?" 
"normalizePath" "get_start_path" "find_root" "find_root_file" "rprojroot_find_package_root_file" "doTryCatch" "tryCatchOne" "tryCatchList" "tryCatch" "pkg_path" "file.path" "package_file" "dev_topic_path" "dev_topic_find" "?" 
"normalizePath" "get_start_path" "find_root" "find_root_file" "rprojroot_find_package_root_file" "doTryCatch" "tryCatchOne" "tryCatchList" "tryCatch" "pkg_path" "file.path" "package_file" "dev_topic_path" "dev_topic_find" "?" 
"normalizePath" "get_start_path" "find_root" "find_root_file" "rprojroot_find_package_root_file" "doTryCatch" "tryCatchOne" "tryCatchList" "tryCatch" "pkg_path" "file.path" "package_file" "dev_topic_path" "dev_topic_find" "?" 
"normalizePath" "get_start_path" "find_root" "find_root_file" "rprojroot_find_package_root_file" "doTryCatch" "tryCatchOne" "tryCatchList" "tryCatch" "pkg_path" "file.path" "package_file" "dev_topic_path" "dev_topic_find" "?" 
"normalizePath" "get_start_path" "find_root" "find_root_file" "rprojroot_find_package_root_file" "doTryCatch" "tryCatchOne" "tryCatchList" "tryCatch" "pkg_path" "file.path" "package_file" "dev_topic_path" "dev_topic_find" "?" 
"file.exists" "f" "find_root" "find_root_file" "rprojroot_find_package_root_file" "doTryCatch" "tryCatchOne" "tryCatchList" "tryCatch" "pkg_path" "file.path" "package_file" "dev_topic_path" "dev_topic_find" "?" 
"file.exists" "f" "find_root" "find_root_file" "rprojroot_find_package_root_file" "doTryCatch" "tryCatchOne" "tryCatchList" "tryCatch" "pkg_path" "file.path" "package_file" "dev_topic_path" "dev_topic_find" "?" 
"file.exists" "f" "find_root" "find_root_file" "rprojroot_find_package_root_file" "doTryCatch" "tryCatchOne" "tryCatchList" "tryCatch" "pkg_path" "file.path" "package_file" "dev_topic_path" "dev_topic_find" "?" 
"file" "readLines" "match_contents" "f" "find_root" "find_root_file" "rprojroot_find_package_root_file" "doTryCatch" "tryCatchOne" "tryCatchList" "tryCatch" "pkg_path" "file.path" "package_file" "dev_topic_path" "dev_topic_find" "?" 
"file" "readLines" "match_contents" "f" "find_root" "find_root_file" "rprojroot_find_package_root_file" "doTryCatch" "tryCatchOne" "tryCatchList" "tryCatch" "pkg_path" "file.path" "package_file" "dev_topic_path" "dev_topic_find" "?" 
"readRDS" "doTryCatch" "tryCatchOne" "tryCatchList" "tryCatch" "FUN" "lapply" "find.package" "index.search" "help" "eval" "eval" "<Anonymous>" "eval" "eval" "?" 
"file.exists" "FUN" "lapply" "find.package" "index.search" "help" "eval" "eval" "<Anonymous>" "eval" "eval" "?" 
"file.exists" "find.package" "index.search" "help" "eval" "eval" "<Anonymous>" "eval" "eval" "?" 
"file.exists" "FUN" "lapply" "find.package" "index.search" "help" "eval" "eval" "<Anonymous>" "eval" "eval" "?" 
"file.exists" "find.package" "index.search" "help" "eval" "eval" "<Anonymous>" "eval" "eval" "?" 
"gzfile" "readRDS" "doTryCatch" "tryCatchOne" "tryCatchList" "tryCatch" "FUN" "lapply" "find.package" "index.search" "help" "eval" "eval" "<Anonymous>" "eval" "eval" "?" 
"gzfile" "readRDS" "index.search" "help" "eval" "eval" "<Anonymous>" "eval" "eval" "?" 
"writeContent" "writeWrapped" "writeBlock" "writeContent" "writeContent" "writeSection" "Rd2HTML" "<Anonymous>" "doTryCatch" "tryCatchOne" "tryCatchList" "tryCatch" "try" "withCallingHandlers" "<Anonymous>" 
"fsub" "htmlify" "utils:::getSrcByte" "isBlankLineRd" "addParaBreaks" "writeLines" "writeLinesUTF8" "of1" "writeBlock" "writeContent" "writeSection" "Rd2HTML" "<Anonymous>" "doTryCatch" "tryCatchOne" "tryCatchList" "tryCatch" "try" "withCallingHandlers" "<Anonymous>" 
"unlink" "<Anonymous>" "doTryCatch" "tryCatchOne" "tryCatchList" "tryCatch" "try" "withCallingHandlers" "<Anonymous>" 
"gsub" ".rs.doStripSurrounding" ".rs.stripSurrounding" "parse" "doTryCatch" "tryCatchOne" "tryCatchList" "tryCatch" "withCallingHandlers" "quietly" ".rs.getAnywhere" "withCallingHandlers" "doTryCatch" "tryCatchOne" "tryCatchList" "tryCatch" ".rs.tryCatch" ".rs.resolveObjectFromFunctionCall" ".rs.getCompletionsFunction" ".rs.appendCompletions" ".rs.getRCompletions" ".rs.appendCompletions" "<Anonymous>" 
"ls" "FUN" "lapply" ".rs.objectsOnSearchPath" ".rs.getCompletionsSearchPath" "Reduce" "<Anonymous>" 
